mode: set
github.com/ramayac/goposix/internal/dispatch/dispatch.go:22.28,23.45 1 1
github.com/ramayac/goposix/internal/dispatch/dispatch.go:23.45,24.79 1 1
github.com/ramayac/goposix/internal/dispatch/dispatch.go:26.2,26.26 1 1
github.com/ramayac/goposix/internal/dispatch/dispatch.go:30.42,33.2 2 1
github.com/ramayac/goposix/internal/dispatch/dispatch.go:36.26,38.29 2 1
github.com/ramayac/goposix/internal/dispatch/dispatch.go:38.29,40.3 1 1
github.com/ramayac/goposix/internal/dispatch/dispatch.go:41.2,41.38 1 1
github.com/ramayac/goposix/internal/dispatch/dispatch.go:41.38,41.74 1 1
github.com/ramayac/goposix/internal/dispatch/dispatch.go:42.2,42.12 1 1
github.com/ramayac/goposix/internal/dispatch/dispatch.go:47.21,48.30 1 1
github.com/ramayac/goposix/internal/dispatch/dispatch.go:48.30,49.21 1 1
github.com/ramayac/goposix/internal/dispatch/dispatch.go:49.21,50.12 1 1
github.com/ramayac/goposix/internal/dispatch/dispatch.go:52.3,52.34 1 1
github.com/ramayac/goposix/internal/dispatch/dispatch.go:57.32,59.30 2 1
github.com/ramayac/goposix/internal/dispatch/dispatch.go:59.30,61.3 1 1
github.com/ramayac/goposix/pkg/basename/basename.go:29.46,31.71 2 1
github.com/ramayac/goposix/pkg/basename/basename.go:31.71,33.3 1 1
github.com/ramayac/goposix/pkg/basename/basename.go:34.2,34.37 1 1
github.com/ramayac/goposix/pkg/basename/basename.go:37.84,39.16 2 1
github.com/ramayac/goposix/pkg/basename/basename.go:39.16,42.3 2 0
github.com/ramayac/goposix/pkg/basename/basename.go:43.2,43.32 1 1
github.com/ramayac/goposix/pkg/basename/basename.go:43.32,46.3 2 1
github.com/ramayac/goposix/pkg/basename/basename.go:47.2,50.32 4 1
github.com/ramayac/goposix/pkg/basename/basename.go:50.32,52.3 1 0
github.com/ramayac/goposix/pkg/basename/basename.go:53.2,54.61 2 1
github.com/ramayac/goposix/pkg/basename/basename.go:54.61,56.3 1 1
github.com/ramayac/goposix/pkg/basename/basename.go:57.2,57.10 1 1
github.com/ramayac/goposix/pkg/basename/basename.go:60.13,62.2 1 1
github.com/ramayac/goposix/pkg/awk/awk.go:40.68,43.16 2 1
github.com/ramayac/goposix/pkg/awk/awk.go:43.16,46.3 2 1
github.com/ramayac/goposix/pkg/awk/awk.go:51.2,52.25 2 1
github.com/ramayac/goposix/pkg/awk/awk.go:52.25,54.22 2 1
github.com/ramayac/goposix/pkg/awk/awk.go:54.22,56.4 1 1
github.com/ramayac/goposix/pkg/awk/awk.go:59.2,66.41 2 1
github.com/ramayac/goposix/pkg/awk/awk.go:71.60,75.16 3 1
github.com/ramayac/goposix/pkg/awk/awk.go:75.16,77.3 1 0
github.com/ramayac/goposix/pkg/awk/awk.go:79.2,82.39 3 1
github.com/ramayac/goposix/pkg/awk/awk.go:82.39,84.3 1 1
github.com/ramayac/goposix/pkg/awk/awk.go:85.2,85.27 1 1
github.com/ramayac/goposix/pkg/awk/awk.go:96.84,98.2 1 1
github.com/ramayac/goposix/pkg/awk/awk.go:101.87,113.20 8 1
github.com/ramayac/goposix/pkg/awk/awk.go:113.20,115.10 2 1
github.com/ramayac/goposix/pkg/awk/awk.go:116.18,118.21 2 1
github.com/ramayac/goposix/pkg/awk/awk.go:118.21,120.5 1 1
github.com/ramayac/goposix/pkg/awk/awk.go:121.49,123.20 1 1
github.com/ramayac/goposix/pkg/awk/awk.go:124.18,126.21 2 1
github.com/ramayac/goposix/pkg/awk/awk.go:126.21,128.5 1 1
github.com/ramayac/goposix/pkg/awk/awk.go:129.18,131.21 2 1
github.com/ramayac/goposix/pkg/awk/awk.go:131.21,133.5 1 1
github.com/ramayac/goposix/pkg/awk/awk.go:134.22,135.19 1 1
github.com/ramayac/goposix/pkg/awk/awk.go:136.34,138.48 1 1
github.com/ramayac/goposix/pkg/awk/awk.go:138.48,140.5 1 0
github.com/ramayac/goposix/pkg/awk/awk.go:140.10,142.5 1 1
github.com/ramayac/goposix/pkg/awk/awk.go:143.11,144.48 1 1
github.com/ramayac/goposix/pkg/awk/awk.go:144.48,146.5 1 1
github.com/ramayac/goposix/pkg/awk/awk.go:146.10,148.5 1 0
github.com/ramayac/goposix/pkg/awk/awk.go:150.3,150.6 1 1
github.com/ramayac/goposix/pkg/awk/awk.go:154.2,155.24 2 1
github.com/ramayac/goposix/pkg/awk/awk.go:155.24,157.32 2 1
github.com/ramayac/goposix/pkg/awk/awk.go:157.32,160.17 3 1
github.com/ramayac/goposix/pkg/awk/awk.go:160.17,162.5 1 0
github.com/ramayac/goposix/pkg/awk/awk.go:162.10,164.5 1 1
github.com/ramayac/goposix/pkg/awk/awk.go:165.4,165.18 1 1
github.com/ramayac/goposix/pkg/awk/awk.go:165.18,168.5 2 1
github.com/ramayac/goposix/pkg/awk/awk.go:169.4,169.39 1 1
github.com/ramayac/goposix/pkg/awk/awk.go:171.3,171.37 1 1
github.com/ramayac/goposix/pkg/awk/awk.go:172.8,172.30 1 1
github.com/ramayac/goposix/pkg/awk/awk.go:172.30,174.3 1 1
github.com/ramayac/goposix/pkg/awk/awk.go:174.8,177.3 2 1
github.com/ramayac/goposix/pkg/awk/awk.go:179.2,179.14 1 1
github.com/ramayac/goposix/pkg/awk/awk.go:179.14,181.20 2 1
github.com/ramayac/goposix/pkg/awk/awk.go:181.20,184.4 2 0
github.com/ramayac/goposix/pkg/awk/awk.go:185.3,189.27 1 1
github.com/ramayac/goposix/pkg/awk/awk.go:189.28,189.29 0 0
github.com/ramayac/goposix/pkg/awk/awk.go:190.3,190.11 1 1
github.com/ramayac/goposix/pkg/awk/awk.go:193.2,194.16 2 1
github.com/ramayac/goposix/pkg/awk/awk.go:194.16,197.3 2 0
github.com/ramayac/goposix/pkg/awk/awk.go:198.2,198.15 1 1
github.com/ramayac/goposix/pkg/awk/awk.go:201.13,208.2 1 1
github.com/ramayac/goposix/pkg/cal/cal.go:34.43,37.16 3 1
github.com/ramayac/goposix/pkg/cal/cal.go:37.16,38.24 1 1
github.com/ramayac/goposix/pkg/cal/cal.go:38.24,40.4 1 1
github.com/ramayac/goposix/pkg/cal/cal.go:41.3,41.56 1 1
github.com/ramayac/goposix/pkg/cal/cal.go:44.2,51.32 4 1
github.com/ramayac/goposix/pkg/cal/cal.go:51.32,52.41 1 1
github.com/ramayac/goposix/pkg/cal/cal.go:52.41,54.4 1 0
github.com/ramayac/goposix/pkg/cal/cal.go:57.2,57.21 1 1
github.com/ramayac/goposix/pkg/cal/cal.go:57.21,59.3 1 0
github.com/ramayac/goposix/pkg/cal/cal.go:60.2,60.20 1 1
github.com/ramayac/goposix/pkg/cal/cal.go:60.20,62.3 1 0
github.com/ramayac/goposix/pkg/cal/cal.go:63.2,63.49 1 1
github.com/ramayac/goposix/pkg/cal/cal.go:68.72,70.16 2 1
github.com/ramayac/goposix/pkg/cal/cal.go:70.16,72.3 1 1
github.com/ramayac/goposix/pkg/cal/cal.go:72.8,74.3 1 1
github.com/ramayac/goposix/pkg/cal/cal.go:75.2,81.3 1 1
github.com/ramayac/goposix/pkg/cal/cal.go:85.83,88.26 3 1
github.com/ramayac/goposix/pkg/cal/cal.go:88.26,91.3 2 1
github.com/ramayac/goposix/pkg/cal/cal.go:92.2,92.20 1 1
github.com/ramayac/goposix/pkg/cal/cal.go:97.97,99.12 2 1
github.com/ramayac/goposix/pkg/cal/cal.go:99.12,101.3 1 1
github.com/ramayac/goposix/pkg/cal/cal.go:101.8,103.3 1 1
github.com/ramayac/goposix/pkg/cal/cal.go:105.2,112.17 4 1
github.com/ramayac/goposix/pkg/cal/cal.go:112.17,114.3 1 1
github.com/ramayac/goposix/pkg/cal/cal.go:114.8,116.3 1 1
github.com/ramayac/goposix/pkg/cal/cal.go:119.2,120.17 2 1
github.com/ramayac/goposix/pkg/cal/cal.go:120.17,122.3 1 0
github.com/ramayac/goposix/pkg/cal/cal.go:123.2,124.22 2 1
github.com/ramayac/goposix/pkg/cal/cal.go:124.22,126.3 1 1
github.com/ramayac/goposix/pkg/cal/cal.go:126.8,126.29 1 0
github.com/ramayac/goposix/pkg/cal/cal.go:126.29,128.3 1 0
github.com/ramayac/goposix/pkg/cal/cal.go:131.2,132.12 2 1
github.com/ramayac/goposix/pkg/cal/cal.go:132.12,133.18 1 1
github.com/ramayac/goposix/pkg/cal/cal.go:133.18,135.4 1 0
github.com/ramayac/goposix/pkg/cal/cal.go:135.9,137.4 1 1
github.com/ramayac/goposix/pkg/cal/cal.go:138.8,139.18 1 1
github.com/ramayac/goposix/pkg/cal/cal.go:139.18,141.4 1 1
github.com/ramayac/goposix/pkg/cal/cal.go:141.9,143.4 1 1
github.com/ramayac/goposix/pkg/cal/cal.go:145.2,145.22 1 1
github.com/ramayac/goposix/pkg/cal/cal.go:145.22,147.3 1 0
github.com/ramayac/goposix/pkg/cal/cal.go:147.8,147.29 1 1
github.com/ramayac/goposix/pkg/cal/cal.go:147.29,149.3 1 0
github.com/ramayac/goposix/pkg/cal/cal.go:152.2,156.17 4 1
github.com/ramayac/goposix/pkg/cal/cal.go:156.17,158.20 2 1
github.com/ramayac/goposix/pkg/cal/cal.go:158.20,160.4 1 0
github.com/ramayac/goposix/pkg/cal/cal.go:161.8,163.3 1 1
github.com/ramayac/goposix/pkg/cal/cal.go:165.2,168.36 3 1
github.com/ramayac/goposix/pkg/cal/cal.go:168.36,172.12 4 1
github.com/ramayac/goposix/pkg/cal/cal.go:172.12,173.14 1 1
github.com/ramayac/goposix/pkg/cal/cal.go:173.14,176.5 2 1
github.com/ramayac/goposix/pkg/cal/cal.go:176.10,178.5 1 1
github.com/ramayac/goposix/pkg/cal/cal.go:182.2,183.25 2 1
github.com/ramayac/goposix/pkg/cal/cal.go:183.25,185.26 2 1
github.com/ramayac/goposix/pkg/cal/cal.go:185.26,187.18 2 1
github.com/ramayac/goposix/pkg/cal/cal.go:187.18,188.15 1 1
github.com/ramayac/goposix/pkg/cal/cal.go:188.15,190.6 1 1
github.com/ramayac/goposix/pkg/cal/cal.go:190.11,192.6 1 1
github.com/ramayac/goposix/pkg/cal/cal.go:193.10,195.5 1 1
github.com/ramayac/goposix/pkg/cal/cal.go:196.4,196.13 1 1
github.com/ramayac/goposix/pkg/cal/cal.go:196.13,198.5 1 1
github.com/ramayac/goposix/pkg/cal/cal.go:200.3,201.23 2 1
github.com/ramayac/goposix/pkg/cal/cal.go:201.23,203.4 1 0
github.com/ramayac/goposix/pkg/cal/cal.go:203.9,203.30 1 1
github.com/ramayac/goposix/pkg/cal/cal.go:203.30,205.4 1 0
github.com/ramayac/goposix/pkg/cal/cal.go:206.3,206.41 1 1
github.com/ramayac/goposix/pkg/cal/cal.go:209.2,211.12 3 1
github.com/ramayac/goposix/pkg/cal/cal.go:215.65,221.12 5 1
github.com/ramayac/goposix/pkg/cal/cal.go:221.12,233.3 4 0
github.com/ramayac/goposix/pkg/cal/cal.go:233.8,243.3 4 1
github.com/ramayac/goposix/pkg/cal/cal.go:245.2,247.17 3 1
github.com/ramayac/goposix/pkg/cal/cal.go:247.17,249.3 1 0
github.com/ramayac/goposix/pkg/cal/cal.go:250.2,256.34 5 1
github.com/ramayac/goposix/pkg/cal/cal.go:256.34,258.29 2 1
github.com/ramayac/goposix/pkg/cal/cal.go:258.29,260.4 1 1
github.com/ramayac/goposix/pkg/cal/cal.go:262.3,262.26 1 1
github.com/ramayac/goposix/pkg/cal/cal.go:262.26,264.30 2 1
github.com/ramayac/goposix/pkg/cal/cal.go:264.30,266.19 2 1
github.com/ramayac/goposix/pkg/cal/cal.go:266.19,268.6 1 1
github.com/ramayac/goposix/pkg/cal/cal.go:270.4,271.24 2 1
github.com/ramayac/goposix/pkg/cal/cal.go:274.3,274.25 1 1
github.com/ramayac/goposix/pkg/cal/cal.go:274.25,276.4 1 1
github.com/ramayac/goposix/pkg/cal/cal.go:279.2,279.20 1 1
github.com/ramayac/goposix/pkg/cal/cal.go:282.84,284.16 2 1
github.com/ramayac/goposix/pkg/cal/cal.go:284.16,287.3 2 0
github.com/ramayac/goposix/pkg/cal/cal.go:289.2,297.15 8 1
github.com/ramayac/goposix/pkg/cal/cal.go:297.15,299.3 1 0
github.com/ramayac/goposix/pkg/cal/cal.go:301.2,302.23 2 1
github.com/ramayac/goposix/pkg/cal/cal.go:302.23,304.50 2 1
github.com/ramayac/goposix/pkg/cal/cal.go:304.50,307.4 2 0
github.com/ramayac/goposix/pkg/cal/cal.go:308.3,309.12 2 1
github.com/ramayac/goposix/pkg/cal/cal.go:310.8,310.30 1 1
github.com/ramayac/goposix/pkg/cal/cal.go:310.30,312.17 2 1
github.com/ramayac/goposix/pkg/cal/cal.go:312.17,315.4 2 1
github.com/ramayac/goposix/pkg/cal/cal.go:316.3,319.50 3 1
github.com/ramayac/goposix/pkg/cal/cal.go:319.50,322.4 2 1
github.com/ramayac/goposix/pkg/cal/cal.go:323.3,325.16 2 1
github.com/ramayac/goposix/pkg/cal/cal.go:325.16,327.4 1 0
github.com/ramayac/goposix/pkg/cal/cal.go:328.8,328.29 1 1
github.com/ramayac/goposix/pkg/cal/cal.go:328.29,331.3 2 0
github.com/ramayac/goposix/pkg/cal/cal.go:333.2,335.56 2 1
github.com/ramayac/goposix/pkg/cal/cal.go:335.56,337.3 1 1
github.com/ramayac/goposix/pkg/cal/cal.go:339.2,339.10 1 1
github.com/ramayac/goposix/pkg/cal/cal.go:342.13,348.2 1 1
github.com/ramayac/goposix/pkg/chgrp/chgrp.go:29.84,31.16 2 1
github.com/ramayac/goposix/pkg/chgrp/chgrp.go:31.16,34.3 2 0
github.com/ramayac/goposix/pkg/chgrp/chgrp.go:36.2,36.31 1 1
github.com/ramayac/goposix/pkg/chgrp/chgrp.go:36.31,39.3 2 1
github.com/ramayac/goposix/pkg/chgrp/chgrp.go:41.2,43.13 3 1
github.com/ramayac/goposix/pkg/chgrp/chgrp.go:43.13,46.3 2 0
github.com/ramayac/goposix/pkg/chgrp/chgrp.go:48.2,51.44 3 1
github.com/ramayac/goposix/pkg/chgrp/chgrp.go:51.44,53.17 2 1
github.com/ramayac/goposix/pkg/chgrp/chgrp.go:53.17,56.4 2 1
github.com/ramayac/goposix/pkg/chgrp/chgrp.go:56.9,58.4 1 0
github.com/ramayac/goposix/pkg/chgrp/chgrp.go:61.2,61.23 1 1
github.com/ramayac/goposix/pkg/chgrp/chgrp.go:61.23,62.72 1 1
github.com/ramayac/goposix/pkg/chgrp/chgrp.go:62.73,62.74 0 0
github.com/ramayac/goposix/pkg/chgrp/chgrp.go:65.2,65.17 1 1
github.com/ramayac/goposix/pkg/chgrp/chgrp.go:70.33,72.48 1 1
github.com/ramayac/goposix/pkg/chgrp/chgrp.go:72.48,74.3 1 1
github.com/ramayac/goposix/pkg/chgrp/chgrp.go:76.2,76.50 1 0
github.com/ramayac/goposix/pkg/chgrp/chgrp.go:76.50,77.50 1 0
github.com/ramayac/goposix/pkg/chgrp/chgrp.go:77.50,79.4 1 0
github.com/ramayac/goposix/pkg/chgrp/chgrp.go:81.2,81.11 1 0
github.com/ramayac/goposix/pkg/chgrp/chgrp.go:84.13,86.2 1 1
github.com/ramayac/goposix/pkg/chown/chown.go:30.84,32.16 2 1
github.com/ramayac/goposix/pkg/chown/chown.go:32.16,35.3 2 0
github.com/ramayac/goposix/pkg/chown/chown.go:37.2,37.31 1 1
github.com/ramayac/goposix/pkg/chown/chown.go:37.31,40.3 2 1
github.com/ramayac/goposix/pkg/chown/chown.go:42.2,48.20 5 1
github.com/ramayac/goposix/pkg/chown/chown.go:48.20,50.3 1 1
github.com/ramayac/goposix/pkg/chown/chown.go:51.2,51.38 1 1
github.com/ramayac/goposix/pkg/chown/chown.go:51.38,53.3 1 1
github.com/ramayac/goposix/pkg/chown/chown.go:55.2,58.44 3 1
github.com/ramayac/goposix/pkg/chown/chown.go:58.44,60.17 2 1
github.com/ramayac/goposix/pkg/chown/chown.go:60.17,63.4 2 1
github.com/ramayac/goposix/pkg/chown/chown.go:63.9,65.4 1 0
github.com/ramayac/goposix/pkg/chown/chown.go:68.2,68.23 1 1
github.com/ramayac/goposix/pkg/chown/chown.go:68.23,69.72 1 1
github.com/ramayac/goposix/pkg/chown/chown.go:69.73,69.74 0 0
github.com/ramayac/goposix/pkg/chown/chown.go:72.2,72.17 1 1
github.com/ramayac/goposix/pkg/chown/chown.go:77.33,79.48 1 1
github.com/ramayac/goposix/pkg/chown/chown.go:79.48,81.3 1 1
github.com/ramayac/goposix/pkg/chown/chown.go:83.2,83.45 1 0
github.com/ramayac/goposix/pkg/chown/chown.go:83.45,84.50 1 0
github.com/ramayac/goposix/pkg/chown/chown.go:84.50,86.4 1 0
github.com/ramayac/goposix/pkg/chown/chown.go:88.2,88.11 1 0
github.com/ramayac/goposix/pkg/chown/chown.go:93.33,95.48 1 1
github.com/ramayac/goposix/pkg/chown/chown.go:95.48,97.3 1 1
github.com/ramayac/goposix/pkg/chown/chown.go:99.2,99.50 1 0
github.com/ramayac/goposix/pkg/chown/chown.go:99.50,100.50 1 0
github.com/ramayac/goposix/pkg/chown/chown.go:100.50,102.4 1 0
github.com/ramayac/goposix/pkg/chown/chown.go:104.2,104.11 1 0
github.com/ramayac/goposix/pkg/chown/chown.go:107.13,109.2 1 1
github.com/ramayac/goposix/pkg/cksum/cksum.go:43.35,47.25 2 1
github.com/ramayac/goposix/pkg/cksum/cksum.go:47.25,49.26 2 1
github.com/ramayac/goposix/pkg/cksum/cksum.go:49.26,50.27 1 1
github.com/ramayac/goposix/pkg/cksum/cksum.go:50.27,52.5 1 1
github.com/ramayac/goposix/pkg/cksum/cksum.go:52.10,54.5 1 1
github.com/ramayac/goposix/pkg/cksum/cksum.go:59.2,60.13 2 1
github.com/ramayac/goposix/pkg/cksum/cksum.go:60.13,63.26 3 1
github.com/ramayac/goposix/pkg/cksum/cksum.go:63.26,64.27 1 1
github.com/ramayac/goposix/pkg/cksum/cksum.go:64.27,66.5 1 1
github.com/ramayac/goposix/pkg/cksum/cksum.go:66.10,68.5 1 1
github.com/ramayac/goposix/pkg/cksum/cksum.go:70.3,70.10 1 1
github.com/ramayac/goposix/pkg/cksum/cksum.go:73.2,73.25 1 1
github.com/ramayac/goposix/pkg/cksum/cksum.go:77.53,79.16 2 1
github.com/ramayac/goposix/pkg/cksum/cksum.go:79.16,81.3 1 0
github.com/ramayac/goposix/pkg/cksum/cksum.go:82.2,82.46 1 1
github.com/ramayac/goposix/pkg/cksum/cksum.go:86.47,89.21 2 1
github.com/ramayac/goposix/pkg/cksum/cksum.go:89.21,92.17 2 0
github.com/ramayac/goposix/pkg/cksum/cksum.go:92.17,94.4 1 0
github.com/ramayac/goposix/pkg/cksum/cksum.go:95.3,99.21 2 0
github.com/ramayac/goposix/pkg/cksum/cksum.go:102.2,102.33 1 1
github.com/ramayac/goposix/pkg/cksum/cksum.go:102.33,104.17 2 1
github.com/ramayac/goposix/pkg/cksum/cksum.go:104.17,106.4 1 1
github.com/ramayac/goposix/pkg/cksum/cksum.go:107.3,109.17 3 1
github.com/ramayac/goposix/pkg/cksum/cksum.go:109.17,111.4 1 0
github.com/ramayac/goposix/pkg/cksum/cksum.go:112.3,116.5 1 1
github.com/ramayac/goposix/pkg/cksum/cksum.go:119.2,119.20 1 1
github.com/ramayac/goposix/pkg/cksum/cksum.go:122.84,124.16 2 1
github.com/ramayac/goposix/pkg/cksum/cksum.go:124.16,127.3 2 0
github.com/ramayac/goposix/pkg/cksum/cksum.go:128.2,131.16 3 1
github.com/ramayac/goposix/pkg/cksum/cksum.go:131.16,135.3 3 0
github.com/ramayac/goposix/pkg/cksum/cksum.go:137.2,137.58 1 1
github.com/ramayac/goposix/pkg/cksum/cksum.go:137.58,138.34 1 1
github.com/ramayac/goposix/pkg/cksum/cksum.go:138.34,139.20 1 1
github.com/ramayac/goposix/pkg/cksum/cksum.go:139.20,141.5 1 1
github.com/ramayac/goposix/pkg/cksum/cksum.go:141.10,143.5 1 0
github.com/ramayac/goposix/pkg/cksum/cksum.go:146.2,146.10 1 1
github.com/ramayac/goposix/pkg/cksum/cksum.go:149.13,155.2 1 1
github.com/ramayac/goposix/pkg/cat/cat.go:35.29,36.9 1 1
github.com/ramayac/goposix/pkg/cat/cat.go:37.30,38.19 1 1
github.com/ramayac/goposix/pkg/cat/cat.go:39.16,40.30 1 1
github.com/ramayac/goposix/pkg/cat/cat.go:41.17,42.14 1 1
github.com/ramayac/goposix/pkg/cat/cat.go:43.17,46.22 3 1
github.com/ramayac/goposix/pkg/cat/cat.go:46.22,48.4 1 1
github.com/ramayac/goposix/pkg/cat/cat.go:49.3,49.26 1 1
github.com/ramayac/goposix/pkg/cat/cat.go:50.10,51.19 1 1
github.com/ramayac/goposix/pkg/cat/cat.go:56.48,58.33 2 1
github.com/ramayac/goposix/pkg/cat/cat.go:58.33,60.3 1 1
github.com/ramayac/goposix/pkg/cat/cat.go:61.2,61.13 1 1
github.com/ramayac/goposix/pkg/cat/cat.go:61.13,63.3 1 1
github.com/ramayac/goposix/pkg/cat/cat.go:64.2,64.21 1 1
github.com/ramayac/goposix/pkg/cat/cat.go:69.100,75.21 5 1
github.com/ramayac/goposix/pkg/cat/cat.go:75.21,79.43 3 1
github.com/ramayac/goposix/pkg/cat/cat.go:79.43,80.12 1 1
github.com/ramayac/goposix/pkg/cat/cat.go:82.3,85.16 3 1
github.com/ramayac/goposix/pkg/cat/cat.go:85.16,88.4 2 1
github.com/ramayac/goposix/pkg/cat/cat.go:88.9,88.40 1 1
github.com/ramayac/goposix/pkg/cat/cat.go:88.40,91.4 2 1
github.com/ramayac/goposix/pkg/cat/cat.go:93.3,95.32 3 1
github.com/ramayac/goposix/pkg/cat/cat.go:97.2,97.29 1 1
github.com/ramayac/goposix/pkg/cat/cat.go:103.87,105.16 2 1
github.com/ramayac/goposix/pkg/cat/cat.go:105.16,108.3 2 1
github.com/ramayac/goposix/pkg/cat/cat.go:109.2,123.32 8 1
github.com/ramayac/goposix/pkg/cat/cat.go:123.32,125.3 1 1
github.com/ramayac/goposix/pkg/cat/cat.go:126.2,127.40 2 1
github.com/ramayac/goposix/pkg/cat/cat.go:127.40,128.18 1 1
github.com/ramayac/goposix/pkg/cat/cat.go:128.18,130.12 2 1
github.com/ramayac/goposix/pkg/cat/cat.go:132.3,133.17 2 1
github.com/ramayac/goposix/pkg/cat/cat.go:133.17,136.4 2 1
github.com/ramayac/goposix/pkg/cat/cat.go:137.3,138.31 2 1
github.com/ramayac/goposix/pkg/cat/cat.go:140.2,140.15 1 1
github.com/ramayac/goposix/pkg/cat/cat.go:140.15,141.33 1 1
github.com/ramayac/goposix/pkg/cat/cat.go:141.33,143.4 1 1
github.com/ramayac/goposix/pkg/cat/cat.go:146.2,146.14 1 1
github.com/ramayac/goposix/pkg/cat/cat.go:146.14,148.29 2 1
github.com/ramayac/goposix/pkg/cat/cat.go:148.29,150.18 2 1
github.com/ramayac/goposix/pkg/cat/cat.go:150.18,153.5 2 0
github.com/ramayac/goposix/pkg/cat/cat.go:154.4,154.41 1 1
github.com/ramayac/goposix/pkg/cat/cat.go:156.3,156.99 1 1
github.com/ramayac/goposix/pkg/cat/cat.go:156.100,156.101 0 0
github.com/ramayac/goposix/pkg/cat/cat.go:157.3,157.11 1 1
github.com/ramayac/goposix/pkg/cat/cat.go:160.2,160.85 1 1
github.com/ramayac/goposix/pkg/cat/cat.go:160.85,161.29 1 1
github.com/ramayac/goposix/pkg/cat/cat.go:161.29,162.48 1 1
github.com/ramayac/goposix/pkg/cat/cat.go:162.48,165.5 2 0
github.com/ramayac/goposix/pkg/cat/cat.go:167.3,167.11 1 1
github.com/ramayac/goposix/pkg/cat/cat.go:171.2,171.33 1 1
github.com/ramayac/goposix/pkg/cat/cat.go:171.33,173.3 1 1
github.com/ramayac/goposix/pkg/cat/cat.go:175.2,175.28 1 1
github.com/ramayac/goposix/pkg/cat/cat.go:175.28,176.84 1 1
github.com/ramayac/goposix/pkg/cat/cat.go:176.84,179.4 2 0
github.com/ramayac/goposix/pkg/cat/cat.go:181.2,181.10 1 1
github.com/ramayac/goposix/pkg/cat/cat.go:184.84,186.2 1 1
github.com/ramayac/goposix/pkg/cat/cat.go:189.99,191.28 2 1
github.com/ramayac/goposix/pkg/cat/cat.go:191.28,193.22 2 1
github.com/ramayac/goposix/pkg/cat/cat.go:193.22,195.13 2 1
github.com/ramayac/goposix/pkg/cat/cat.go:195.13,197.5 1 1
github.com/ramayac/goposix/pkg/cat/cat.go:197.10,197.23 1 0
github.com/ramayac/goposix/pkg/cat/cat.go:197.23,199.5 1 0
github.com/ramayac/goposix/pkg/cat/cat.go:200.4,201.37 2 1
github.com/ramayac/goposix/pkg/cat/cat.go:203.3,203.39 1 1
github.com/ramayac/goposix/pkg/cat/cat.go:203.39,206.4 2 0
github.com/ramayac/goposix/pkg/cat/cat.go:208.2,208.14 1 1
github.com/ramayac/goposix/pkg/cat/cat.go:208.14,209.99 1 0
github.com/ramayac/goposix/pkg/cat/cat.go:209.100,209.101 0 0
github.com/ramayac/goposix/pkg/cat/cat.go:211.2,211.10 1 1
github.com/ramayac/goposix/pkg/cat/cat.go:214.13,220.2 1 1
github.com/ramayac/goposix/pkg/chmod/chmod.go:32.82,34.22 2 1
github.com/ramayac/goposix/pkg/chmod/chmod.go:34.22,36.3 1 0
github.com/ramayac/goposix/pkg/chmod/chmod.go:38.2,39.29 2 1
github.com/ramayac/goposix/pkg/chmod/chmod.go:39.29,41.3 1 0
github.com/ramayac/goposix/pkg/chmod/chmod.go:43.2,48.45 5 1
github.com/ramayac/goposix/pkg/chmod/chmod.go:48.45,50.3 1 1
github.com/ramayac/goposix/pkg/chmod/chmod.go:50.8,51.25 1 1
github.com/ramayac/goposix/pkg/chmod/chmod.go:51.25,52.13 1 1
github.com/ramayac/goposix/pkg/chmod/chmod.go:53.13,54.33 1 1
github.com/ramayac/goposix/pkg/chmod/chmod.go:55.13,56.33 1 1
github.com/ramayac/goposix/pkg/chmod/chmod.go:57.13,58.33 1 0
github.com/ramayac/goposix/pkg/chmod/chmod.go:62.2,62.18 1 1
github.com/ramayac/goposix/pkg/chmod/chmod.go:62.18,64.3 1 0
github.com/ramayac/goposix/pkg/chmod/chmod.go:66.2,67.26 2 1
github.com/ramayac/goposix/pkg/chmod/chmod.go:67.26,68.12 1 1
github.com/ramayac/goposix/pkg/chmod/chmod.go:69.12,70.33 1 1
github.com/ramayac/goposix/pkg/chmod/chmod.go:71.12,72.33 1 1
github.com/ramayac/goposix/pkg/chmod/chmod.go:73.12,74.33 1 0
github.com/ramayac/goposix/pkg/chmod/chmod.go:75.12,76.58 1 0
github.com/ramayac/goposix/pkg/chmod/chmod.go:77.12,78.42 1 0
github.com/ramayac/goposix/pkg/chmod/chmod.go:82.2,84.12 2 1
github.com/ramayac/goposix/pkg/chmod/chmod.go:85.11,86.36 1 1
github.com/ramayac/goposix/pkg/chmod/chmod.go:87.11,88.37 1 1
github.com/ramayac/goposix/pkg/chmod/chmod.go:89.11,90.49 1 1
github.com/ramayac/goposix/pkg/chmod/chmod.go:92.2,92.21 1 0
github.com/ramayac/goposix/pkg/chmod/chmod.go:95.42,96.61 1 1
github.com/ramayac/goposix/pkg/chmod/chmod.go:96.61,98.3 1 1
github.com/ramayac/goposix/pkg/chmod/chmod.go:99.2,99.44 1 1
github.com/ramayac/goposix/pkg/chmod/chmod.go:102.84,104.16 2 1
github.com/ramayac/goposix/pkg/chmod/chmod.go:104.16,107.3 2 1
github.com/ramayac/goposix/pkg/chmod/chmod.go:109.2,109.31 1 1
github.com/ramayac/goposix/pkg/chmod/chmod.go:109.31,112.3 2 1
github.com/ramayac/goposix/pkg/chmod/chmod.go:114.2,117.29 3 1
github.com/ramayac/goposix/pkg/chmod/chmod.go:117.29,120.30 3 1
github.com/ramayac/goposix/pkg/chmod/chmod.go:120.30,122.18 2 1
github.com/ramayac/goposix/pkg/chmod/chmod.go:122.18,125.13 3 0
github.com/ramayac/goposix/pkg/chmod/chmod.go:127.4,128.18 2 1
github.com/ramayac/goposix/pkg/chmod/chmod.go:128.18,131.13 3 0
github.com/ramayac/goposix/pkg/chmod/chmod.go:133.4,133.50 1 1
github.com/ramayac/goposix/pkg/chmod/chmod.go:133.50,136.5 2 0
github.com/ramayac/goposix/pkg/chmod/chmod.go:136.10,138.5 1 1
github.com/ramayac/goposix/pkg/chmod/chmod.go:140.3,140.24 1 1
github.com/ramayac/goposix/pkg/chmod/chmod.go:140.24,141.73 1 1
github.com/ramayac/goposix/pkg/chmod/chmod.go:141.74,141.75 0 0
github.com/ramayac/goposix/pkg/chmod/chmod.go:143.3,143.18 1 1
github.com/ramayac/goposix/pkg/chmod/chmod.go:147.2,148.16 2 1
github.com/ramayac/goposix/pkg/chmod/chmod.go:148.16,151.3 2 1
github.com/ramayac/goposix/pkg/chmod/chmod.go:152.2,156.29 4 1
github.com/ramayac/goposix/pkg/chmod/chmod.go:156.29,157.46 1 1
github.com/ramayac/goposix/pkg/chmod/chmod.go:157.46,160.4 2 1
github.com/ramayac/goposix/pkg/chmod/chmod.go:160.9,162.4 1 1
github.com/ramayac/goposix/pkg/chmod/chmod.go:164.2,164.23 1 1
github.com/ramayac/goposix/pkg/chmod/chmod.go:164.23,165.72 1 1
github.com/ramayac/goposix/pkg/chmod/chmod.go:165.73,165.74 0 0
github.com/ramayac/goposix/pkg/chmod/chmod.go:167.2,167.17 1 1
github.com/ramayac/goposix/pkg/chmod/chmod.go:170.13,172.2 1 1
github.com/ramayac/goposix/pkg/comm/comm.go:28.43,30.28 2 1
github.com/ramayac/goposix/pkg/comm/comm.go:30.28,31.16 1 1
github.com/ramayac/goposix/pkg/comm/comm.go:32.10,33.45 1 1
github.com/ramayac/goposix/pkg/comm/comm.go:34.10,35.45 1 1
github.com/ramayac/goposix/pkg/comm/comm.go:36.10,37.35 1 1
github.com/ramayac/goposix/pkg/comm/comm.go:40.2,40.10 1 1
github.com/ramayac/goposix/pkg/comm/comm.go:64.73,66.39 2 1
github.com/ramayac/goposix/pkg/comm/comm.go:66.39,68.10 2 1
github.com/ramayac/goposix/pkg/comm/comm.go:69.16,70.20 1 1
github.com/ramayac/goposix/pkg/comm/comm.go:70.20,72.5 1 1
github.com/ramayac/goposix/pkg/comm/comm.go:73.4,73.7 1 1
github.com/ramayac/goposix/pkg/comm/comm.go:74.16,75.20 1 1
github.com/ramayac/goposix/pkg/comm/comm.go:75.20,77.5 1 1
github.com/ramayac/goposix/pkg/comm/comm.go:78.4,78.7 1 1
github.com/ramayac/goposix/pkg/comm/comm.go:79.11,80.20 1 1
github.com/ramayac/goposix/pkg/comm/comm.go:80.20,82.5 1 1
github.com/ramayac/goposix/pkg/comm/comm.go:83.4,84.7 2 1
github.com/ramayac/goposix/pkg/comm/comm.go:87.2,87.28 1 1
github.com/ramayac/goposix/pkg/comm/comm.go:87.28,88.19 1 1
github.com/ramayac/goposix/pkg/comm/comm.go:88.19,90.4 1 1
github.com/ramayac/goposix/pkg/comm/comm.go:92.2,92.28 1 1
github.com/ramayac/goposix/pkg/comm/comm.go:92.28,93.19 1 1
github.com/ramayac/goposix/pkg/comm/comm.go:93.19,95.4 1 1
github.com/ramayac/goposix/pkg/comm/comm.go:97.2,97.8 1 1
github.com/ramayac/goposix/pkg/comm/comm.go:101.37,103.28 2 1
github.com/ramayac/goposix/pkg/comm/comm.go:103.28,104.16 1 1
github.com/ramayac/goposix/pkg/comm/comm.go:105.10,106.25 1 1
github.com/ramayac/goposix/pkg/comm/comm.go:107.10,109.25 2 1
github.com/ramayac/goposix/pkg/comm/comm.go:110.10,112.25 2 1
github.com/ramayac/goposix/pkg/comm/comm.go:114.3,114.20 1 1
github.com/ramayac/goposix/pkg/comm/comm.go:116.2,116.19 1 1
github.com/ramayac/goposix/pkg/comm/comm.go:120.47,121.28 1 1
github.com/ramayac/goposix/pkg/comm/comm.go:121.28,122.16 1 1
github.com/ramayac/goposix/pkg/comm/comm.go:123.10,124.8 1 1
github.com/ramayac/goposix/pkg/comm/comm.go:125.10,126.8 1 1
github.com/ramayac/goposix/pkg/comm/comm.go:127.10,128.8 1 1
github.com/ramayac/goposix/pkg/comm/comm.go:131.2,131.8 1 1
github.com/ramayac/goposix/pkg/comm/comm.go:136.47,139.21 3 1
github.com/ramayac/goposix/pkg/comm/comm.go:139.21,141.3 1 1
github.com/ramayac/goposix/pkg/comm/comm.go:143.2,143.38 1 1
github.com/ramayac/goposix/pkg/comm/comm.go:143.38,145.3 1 0
github.com/ramayac/goposix/pkg/comm/comm.go:146.2,146.19 1 1
github.com/ramayac/goposix/pkg/comm/comm.go:151.88,153.16 2 1
github.com/ramayac/goposix/pkg/comm/comm.go:153.16,156.3 2 0
github.com/ramayac/goposix/pkg/comm/comm.go:158.2,166.21 7 1
github.com/ramayac/goposix/pkg/comm/comm.go:166.21,169.3 2 1
github.com/ramayac/goposix/pkg/comm/comm.go:170.2,170.20 1 1
github.com/ramayac/goposix/pkg/comm/comm.go:170.20,173.3 2 0
github.com/ramayac/goposix/pkg/comm/comm.go:177.2,180.79 3 1
github.com/ramayac/goposix/pkg/comm/comm.go:180.79,183.17 3 1
github.com/ramayac/goposix/pkg/comm/comm.go:183.17,186.4 2 0
github.com/ramayac/goposix/pkg/comm/comm.go:187.3,187.23 1 1
github.com/ramayac/goposix/pkg/comm/comm.go:190.2,190.50 1 1
github.com/ramayac/goposix/pkg/comm/comm.go:190.50,191.18 1 1
github.com/ramayac/goposix/pkg/comm/comm.go:191.18,192.21 1 1
github.com/ramayac/goposix/pkg/comm/comm.go:192.21,194.5 1 1
github.com/ramayac/goposix/pkg/comm/comm.go:195.4,196.27 2 0
github.com/ramayac/goposix/pkg/comm/comm.go:198.3,199.17 2 0
github.com/ramayac/goposix/pkg/comm/comm.go:199.17,201.4 1 0
github.com/ramayac/goposix/pkg/comm/comm.go:202.3,203.22 2 0
github.com/ramayac/goposix/pkg/comm/comm.go:206.2,207.16 2 1
github.com/ramayac/goposix/pkg/comm/comm.go:207.16,210.3 2 0
github.com/ramayac/goposix/pkg/comm/comm.go:211.2,212.16 2 1
github.com/ramayac/goposix/pkg/comm/comm.go:212.16,215.3 2 0
github.com/ramayac/goposix/pkg/comm/comm.go:217.2,219.14 2 1
github.com/ramayac/goposix/pkg/comm/comm.go:219.14,220.65 1 0
github.com/ramayac/goposix/pkg/comm/comm.go:220.66,220.67 0 0
github.com/ramayac/goposix/pkg/comm/comm.go:221.3,221.11 1 0
github.com/ramayac/goposix/pkg/comm/comm.go:224.2,227.15 3 1
github.com/ramayac/goposix/pkg/comm/comm.go:227.15,230.3 2 0
github.com/ramayac/goposix/pkg/comm/comm.go:232.2,232.10 1 1
github.com/ramayac/goposix/pkg/comm/comm.go:235.84,237.2 1 1
github.com/ramayac/goposix/pkg/comm/comm.go:239.13,245.2 1 1
github.com/ramayac/goposix/pkg/cmp/cmp.go:40.77,43.15 3 1
github.com/ramayac/goposix/pkg/cmp/cmp.go:43.15,44.22 1 1
github.com/ramayac/goposix/pkg/cmp/cmp.go:44.22,46.4 1 1
github.com/ramayac/goposix/pkg/cmp/cmp.go:47.3,47.22 1 1
github.com/ramayac/goposix/pkg/cmp/cmp.go:47.22,49.4 1 1
github.com/ramayac/goposix/pkg/cmp/cmp.go:51.2,54.45 4 1
github.com/ramayac/goposix/pkg/cmp/cmp.go:54.45,55.26 1 1
github.com/ramayac/goposix/pkg/cmp/cmp.go:55.26,57.4 1 1
github.com/ramayac/goposix/pkg/cmp/cmp.go:58.3,58.33 1 1
github.com/ramayac/goposix/pkg/cmp/cmp.go:58.33,60.16 2 1
github.com/ramayac/goposix/pkg/cmp/cmp.go:60.16,62.5 1 1
github.com/ramayac/goposix/pkg/cmp/cmp.go:64.3,64.12 1 1
github.com/ramayac/goposix/pkg/cmp/cmp.go:66.2,66.24 1 1
github.com/ramayac/goposix/pkg/cmp/cmp.go:66.24,69.3 2 1
github.com/ramayac/goposix/pkg/cmp/cmp.go:70.2,70.31 1 1
github.com/ramayac/goposix/pkg/cmp/cmp.go:73.87,75.16 2 1
github.com/ramayac/goposix/pkg/cmp/cmp.go:75.16,78.3 2 1
github.com/ramayac/goposix/pkg/cmp/cmp.go:79.2,84.34 5 1
github.com/ramayac/goposix/pkg/cmp/cmp.go:84.34,85.40 1 0
github.com/ramayac/goposix/pkg/cmp/cmp.go:85.40,87.4 1 0
github.com/ramayac/goposix/pkg/cmp/cmp.go:90.2,91.20 2 1
github.com/ramayac/goposix/pkg/cmp/cmp.go:91.20,94.3 2 1
github.com/ramayac/goposix/pkg/cmp/cmp.go:97.2,99.26 3 1
github.com/ramayac/goposix/pkg/cmp/cmp.go:99.26,100.15 1 1
github.com/ramayac/goposix/pkg/cmp/cmp.go:100.15,102.4 1 1
github.com/ramayac/goposix/pkg/cmp/cmp.go:104.2,104.20 1 1
github.com/ramayac/goposix/pkg/cmp/cmp.go:104.20,106.3 1 1
github.com/ramayac/goposix/pkg/cmp/cmp.go:107.2,109.48 2 1
github.com/ramayac/goposix/pkg/cmp/cmp.go:109.48,110.18 1 1
github.com/ramayac/goposix/pkg/cmp/cmp.go:110.18,111.22 1 1
github.com/ramayac/goposix/pkg/cmp/cmp.go:111.22,113.5 1 1
github.com/ramayac/goposix/pkg/cmp/cmp.go:114.4,114.18 1 0
github.com/ramayac/goposix/pkg/cmp/cmp.go:114.18,117.5 2 0
github.com/ramayac/goposix/pkg/cmp/cmp.go:119.4,119.19 1 0
github.com/ramayac/goposix/pkg/cmp/cmp.go:121.3,121.27 1 1
github.com/ramayac/goposix/pkg/cmp/cmp.go:124.2,125.16 2 1
github.com/ramayac/goposix/pkg/cmp/cmp.go:125.16,128.3 2 1
github.com/ramayac/goposix/pkg/cmp/cmp.go:129.2,130.16 2 1
github.com/ramayac/goposix/pkg/cmp/cmp.go:130.16,133.3 2 0
github.com/ramayac/goposix/pkg/cmp/cmp.go:135.2,135.16 1 1
github.com/ramayac/goposix/pkg/cmp/cmp.go:135.16,136.22 1 0
github.com/ramayac/goposix/pkg/cmp/cmp.go:136.22,138.4 1 0
github.com/ramayac/goposix/pkg/cmp/cmp.go:139.3,139.22 1 0
github.com/ramayac/goposix/pkg/cmp/cmp.go:139.22,141.4 1 0
github.com/ramayac/goposix/pkg/cmp/cmp.go:145.2,147.45 3 1
github.com/ramayac/goposix/pkg/cmp/cmp.go:147.45,148.26 1 1
github.com/ramayac/goposix/pkg/cmp/cmp.go:148.26,150.4 1 1
github.com/ramayac/goposix/pkg/cmp/cmp.go:151.3,151.33 1 1
github.com/ramayac/goposix/pkg/cmp/cmp.go:151.33,152.16 1 1
github.com/ramayac/goposix/pkg/cmp/cmp.go:152.16,153.160 1 1
github.com/ramayac/goposix/pkg/cmp/cmp.go:153.161,153.162 0 0
github.com/ramayac/goposix/pkg/cmp/cmp.go:154.5,154.13 1 1
github.com/ramayac/goposix/pkg/cmp/cmp.go:156.4,156.14 1 1
github.com/ramayac/goposix/pkg/cmp/cmp.go:156.14,158.5 1 1
github.com/ramayac/goposix/pkg/cmp/cmp.go:159.4,159.16 1 0
github.com/ramayac/goposix/pkg/cmp/cmp.go:159.16,161.5 1 0
github.com/ramayac/goposix/pkg/cmp/cmp.go:161.10,163.5 1 0
github.com/ramayac/goposix/pkg/cmp/cmp.go:164.4,164.12 1 0
github.com/ramayac/goposix/pkg/cmp/cmp.go:166.3,166.12 1 1
github.com/ramayac/goposix/pkg/cmp/cmp.go:170.2,170.24 1 1
github.com/ramayac/goposix/pkg/cmp/cmp.go:170.24,171.15 1 0
github.com/ramayac/goposix/pkg/cmp/cmp.go:171.15,172.111 1 0
github.com/ramayac/goposix/pkg/cmp/cmp.go:172.112,172.113 0 0
github.com/ramayac/goposix/pkg/cmp/cmp.go:173.4,173.12 1 0
github.com/ramayac/goposix/pkg/cmp/cmp.go:175.3,175.13 1 0
github.com/ramayac/goposix/pkg/cmp/cmp.go:175.13,177.4 1 0
github.com/ramayac/goposix/pkg/cmp/cmp.go:178.3,179.11 2 0
github.com/ramayac/goposix/pkg/cmp/cmp.go:182.2,182.14 1 1
github.com/ramayac/goposix/pkg/cmp/cmp.go:182.14,183.69 1 1
github.com/ramayac/goposix/pkg/cmp/cmp.go:183.70,183.71 0 0
github.com/ramayac/goposix/pkg/cmp/cmp.go:185.2,185.10 1 1
github.com/ramayac/goposix/pkg/cmp/cmp.go:188.84,190.2 1 1
github.com/ramayac/goposix/pkg/cmp/cmp.go:191.13,193.2 1 1
github.com/ramayac/goposix/pkg/date/date.go:30.74,32.41 2 1
github.com/ramayac/goposix/pkg/date/date.go:32.41,33.50 1 1
github.com/ramayac/goposix/pkg/date/date.go:33.50,36.9 3 1
github.com/ramayac/goposix/pkg/date/date.go:39.2,39.24 1 1
github.com/ramayac/goposix/pkg/date/date.go:42.71,44.13 2 1
github.com/ramayac/goposix/pkg/date/date.go:44.13,46.3 1 0
github.com/ramayac/goposix/pkg/date/date.go:48.2,48.17 1 1
github.com/ramayac/goposix/pkg/date/date.go:48.17,50.17 2 1
github.com/ramayac/goposix/pkg/date/date.go:50.17,52.4 1 0
github.com/ramayac/goposix/pkg/date/date.go:53.3,53.40 1 1
github.com/ramayac/goposix/pkg/date/date.go:56.2,57.31 2 1
github.com/ramayac/goposix/pkg/date/date.go:57.31,60.3 2 0
github.com/ramayac/goposix/pkg/date/date.go:60.8,60.24 1 1
github.com/ramayac/goposix/pkg/date/date.go:60.24,62.59 2 1
github.com/ramayac/goposix/pkg/date/date.go:62.59,66.19 4 0
github.com/ramayac/goposix/pkg/date/date.go:66.19,68.5 1 0
github.com/ramayac/goposix/pkg/date/date.go:69.4,70.42 2 0
github.com/ramayac/goposix/pkg/date/date.go:75.2,76.16 2 1
github.com/ramayac/goposix/pkg/date/date.go:76.16,78.3 1 1
github.com/ramayac/goposix/pkg/date/date.go:79.2,80.16 2 1
github.com/ramayac/goposix/pkg/date/date.go:80.16,82.3 1 0
github.com/ramayac/goposix/pkg/date/date.go:85.2,85.47 1 1
github.com/ramayac/goposix/pkg/date/date.go:85.47,92.88 7 1
github.com/ramayac/goposix/pkg/date/date.go:92.88,94.4 1 1
github.com/ramayac/goposix/pkg/date/date.go:95.3,95.78 1 1
github.com/ramayac/goposix/pkg/date/date.go:99.2,100.16 2 1
github.com/ramayac/goposix/pkg/date/date.go:100.16,102.3 1 1
github.com/ramayac/goposix/pkg/date/date.go:105.2,106.16 2 1
github.com/ramayac/goposix/pkg/date/date.go:106.16,108.3 1 1
github.com/ramayac/goposix/pkg/date/date.go:110.2,110.60 1 0
github.com/ramayac/goposix/pkg/date/date.go:113.71,115.14 2 1
github.com/ramayac/goposix/pkg/date/date.go:115.14,117.3 1 1
github.com/ramayac/goposix/pkg/date/date.go:118.2,123.24 5 1
github.com/ramayac/goposix/pkg/date/date.go:123.24,127.3 3 1
github.com/ramayac/goposix/pkg/date/date.go:127.8,127.31 1 1
github.com/ramayac/goposix/pkg/date/date.go:127.31,131.3 3 1
github.com/ramayac/goposix/pkg/date/date.go:131.8,133.3 1 0
github.com/ramayac/goposix/pkg/date/date.go:135.2,137.25 3 1
github.com/ramayac/goposix/pkg/date/date.go:137.25,140.3 2 1
github.com/ramayac/goposix/pkg/date/date.go:141.2,141.25 1 1
github.com/ramayac/goposix/pkg/date/date.go:141.25,143.3 1 1
github.com/ramayac/goposix/pkg/date/date.go:145.2,145.77 1 1
github.com/ramayac/goposix/pkg/date/date.go:148.69,150.38 2 1
github.com/ramayac/goposix/pkg/date/date.go:150.38,152.3 1 0
github.com/ramayac/goposix/pkg/date/date.go:153.2,154.16 2 1
github.com/ramayac/goposix/pkg/date/date.go:154.16,156.3 1 0
github.com/ramayac/goposix/pkg/date/date.go:157.2,158.16 2 1
github.com/ramayac/goposix/pkg/date/date.go:158.16,160.3 1 0
github.com/ramayac/goposix/pkg/date/date.go:161.2,162.21 2 1
github.com/ramayac/goposix/pkg/date/date.go:162.21,164.17 2 1
github.com/ramayac/goposix/pkg/date/date.go:164.17,166.4 1 0
github.com/ramayac/goposix/pkg/date/date.go:168.2,169.79 2 1
github.com/ramayac/goposix/pkg/date/date.go:172.33,173.22 1 1
github.com/ramayac/goposix/pkg/date/date.go:173.22,174.25 1 1
github.com/ramayac/goposix/pkg/date/date.go:174.25,176.4 1 1
github.com/ramayac/goposix/pkg/date/date.go:178.2,178.13 1 1
github.com/ramayac/goposix/pkg/date/date.go:181.27,183.2 1 1
github.com/ramayac/goposix/pkg/date/date.go:185.84,189.16 3 1
github.com/ramayac/goposix/pkg/date/date.go:189.16,193.3 3 0
github.com/ramayac/goposix/pkg/date/date.go:195.2,200.37 4 1
github.com/ramayac/goposix/pkg/date/date.go:200.37,204.3 3 1
github.com/ramayac/goposix/pkg/date/date.go:206.2,211.14 5 1
github.com/ramayac/goposix/pkg/date/date.go:211.14,212.44 1 1
github.com/ramayac/goposix/pkg/date/date.go:212.44,213.45 1 0
github.com/ramayac/goposix/pkg/date/date.go:213.45,216.5 2 0
github.com/ramayac/goposix/pkg/date/date.go:220.2,220.16 1 1
github.com/ramayac/goposix/pkg/date/date.go:220.16,222.3 1 0
github.com/ramayac/goposix/pkg/date/date.go:222.8,223.14 1 1
github.com/ramayac/goposix/pkg/date/date.go:223.14,225.4 1 1
github.com/ramayac/goposix/pkg/date/date.go:225.9,227.4 1 1
github.com/ramayac/goposix/pkg/date/date.go:230.2,230.19 1 1
github.com/ramayac/goposix/pkg/date/date.go:230.19,232.17 2 1
github.com/ramayac/goposix/pkg/date/date.go:232.17,235.4 2 0
github.com/ramayac/goposix/pkg/date/date.go:236.3,236.10 1 1
github.com/ramayac/goposix/pkg/date/date.go:237.8,239.14 2 1
github.com/ramayac/goposix/pkg/date/date.go:239.14,241.4 1 1
github.com/ramayac/goposix/pkg/date/date.go:244.2,244.16 1 1
github.com/ramayac/goposix/pkg/date/date.go:244.16,247.3 2 0
github.com/ramayac/goposix/pkg/date/date.go:249.2,257.55 3 1
github.com/ramayac/goposix/pkg/date/date.go:257.55,258.19 1 1
github.com/ramayac/goposix/pkg/date/date.go:258.19,261.4 2 1
github.com/ramayac/goposix/pkg/date/date.go:261.9,263.4 1 1
github.com/ramayac/goposix/pkg/date/date.go:266.2,266.10 1 1
github.com/ramayac/goposix/pkg/date/date.go:269.47,272.17 3 1
github.com/ramayac/goposix/pkg/date/date.go:272.17,273.34 1 1
github.com/ramayac/goposix/pkg/date/date.go:273.34,275.16 2 1
github.com/ramayac/goposix/pkg/date/date.go:276.13,277.21 1 0
github.com/ramayac/goposix/pkg/date/date.go:278.13,279.35 1 0
github.com/ramayac/goposix/pkg/date/date.go:280.13,281.38 1 0
github.com/ramayac/goposix/pkg/date/date.go:282.13,283.35 1 0
github.com/ramayac/goposix/pkg/date/date.go:284.13,285.39 1 0
github.com/ramayac/goposix/pkg/date/date.go:286.13,289.56 1 1
github.com/ramayac/goposix/pkg/date/date.go:290.13,291.34 1 1
github.com/ramayac/goposix/pkg/date/date.go:292.13,293.47 1 0
github.com/ramayac/goposix/pkg/date/date.go:294.13,295.34 1 0
github.com/ramayac/goposix/pkg/date/date.go:296.13,297.34 1 0
github.com/ramayac/goposix/pkg/date/date.go:298.13,299.34 1 1
github.com/ramayac/goposix/pkg/date/date.go:300.13,301.34 1 0
github.com/ramayac/goposix/pkg/date/date.go:302.13,303.34 1 0
github.com/ramayac/goposix/pkg/date/date.go:304.13,305.40 1 1
github.com/ramayac/goposix/pkg/date/date.go:306.13,307.34 1 1
github.com/ramayac/goposix/pkg/date/date.go:308.13,309.36 1 1
github.com/ramayac/goposix/pkg/date/date.go:310.13,312.24 2 0
github.com/ramayac/goposix/pkg/date/date.go:313.13,314.51 1 0
github.com/ramayac/goposix/pkg/date/date.go:315.13,316.52 1 1
github.com/ramayac/goposix/pkg/date/date.go:317.13,318.34 1 1
github.com/ramayac/goposix/pkg/date/date.go:319.13,320.43 1 1
github.com/ramayac/goposix/pkg/date/date.go:321.13,323.15 2 1
github.com/ramayac/goposix/pkg/date/date.go:323.15,325.6 1 0
github.com/ramayac/goposix/pkg/date/date.go:326.5,326.35 1 1
github.com/ramayac/goposix/pkg/date/date.go:327.13,329.46 2 1
github.com/ramayac/goposix/pkg/date/date.go:330.13,336.51 6 1
github.com/ramayac/goposix/pkg/date/date.go:336.51,338.6 1 0
github.com/ramayac/goposix/pkg/date/date.go:338.11,340.6 1 1
github.com/ramayac/goposix/pkg/date/date.go:341.5,341.46 1 1
github.com/ramayac/goposix/pkg/date/date.go:342.13,348.51 6 1
github.com/ramayac/goposix/pkg/date/date.go:348.51,350.6 1 0
github.com/ramayac/goposix/pkg/date/date.go:350.11,352.6 1 1
github.com/ramayac/goposix/pkg/date/date.go:353.5,353.46 1 1
github.com/ramayac/goposix/pkg/date/date.go:354.13,355.22 1 1
github.com/ramayac/goposix/pkg/date/date.go:356.13,357.22 1 1
github.com/ramayac/goposix/pkg/date/date.go:358.13,359.40 1 1
github.com/ramayac/goposix/pkg/date/date.go:360.13,361.42 1 1
github.com/ramayac/goposix/pkg/date/date.go:362.13,363.37 1 1
github.com/ramayac/goposix/pkg/date/date.go:364.13,365.50 1 1
github.com/ramayac/goposix/pkg/date/date.go:366.13,367.48 1 1
github.com/ramayac/goposix/pkg/date/date.go:368.13,370.16 2 1
github.com/ramayac/goposix/pkg/date/date.go:370.16,372.6 1 0
github.com/ramayac/goposix/pkg/date/date.go:373.5,373.42 1 1
github.com/ramayac/goposix/pkg/date/date.go:374.12,376.22 2 0
github.com/ramayac/goposix/pkg/date/date.go:378.9,380.4 1 1
github.com/ramayac/goposix/pkg/date/date.go:381.3,381.6 1 1
github.com/ramayac/goposix/pkg/date/date.go:383.2,383.19 1 1
github.com/ramayac/goposix/pkg/date/date.go:386.13,388.2 1 1
github.com/ramayac/goposix/pkg/date/date.go:412.32,414.2 1 1
github.com/ramayac/goposix/pkg/date/date.go:416.43,420.22 4 1
github.com/ramayac/goposix/pkg/date/date.go:420.22,422.3 1 1
github.com/ramayac/goposix/pkg/date/date.go:422.8,422.19 1 1
github.com/ramayac/goposix/pkg/date/date.go:422.19,424.28 2 1
github.com/ramayac/goposix/pkg/date/date.go:424.28,426.4 1 1
github.com/ramayac/goposix/pkg/date/date.go:426.9,428.4 1 1
github.com/ramayac/goposix/pkg/date/date.go:430.2,430.12 1 1
github.com/ramayac/goposix/pkg/date/date.go:433.74,436.15 3 1
github.com/ramayac/goposix/pkg/date/date.go:436.15,438.3 1 1
github.com/ramayac/goposix/pkg/date/date.go:438.8,440.3 1 1
github.com/ramayac/goposix/pkg/date/date.go:442.2,442.22 1 1
github.com/ramayac/goposix/pkg/date/date.go:442.22,446.3 3 1
github.com/ramayac/goposix/pkg/date/date.go:448.2,449.22 2 1
github.com/ramayac/goposix/pkg/date/date.go:449.22,450.44 1 1
github.com/ramayac/goposix/pkg/date/date.go:450.44,452.4 1 1
github.com/ramayac/goposix/pkg/date/date.go:452.9,454.4 1 1
github.com/ramayac/goposix/pkg/date/date.go:455.8,457.3 1 0
github.com/ramayac/goposix/pkg/date/date.go:459.2,460.21 2 1
github.com/ramayac/goposix/pkg/date/date.go:463.52,464.16 1 1
github.com/ramayac/goposix/pkg/date/date.go:464.16,466.3 1 0
github.com/ramayac/goposix/pkg/date/date.go:467.2,472.29 5 1
github.com/ramayac/goposix/pkg/date/date.go:472.29,474.3 1 1
github.com/ramayac/goposix/pkg/date/date.go:474.8,476.3 1 0
github.com/ramayac/goposix/pkg/date/date.go:478.2,478.11 1 1
github.com/ramayac/goposix/pkg/date/date.go:478.11,480.3 1 1
github.com/ramayac/goposix/pkg/date/date.go:481.2,481.33 1 1
github.com/ramayac/goposix/pkg/date/date.go:484.47,486.14 2 1
github.com/ramayac/goposix/pkg/date/date.go:486.14,488.3 1 1
github.com/ramayac/goposix/pkg/date/date.go:490.2,490.53 1 1
github.com/ramayac/goposix/pkg/date/date.go:490.53,491.18 1 1
github.com/ramayac/goposix/pkg/date/date.go:491.18,493.4 1 0
github.com/ramayac/goposix/pkg/date/date.go:494.3,494.18 1 1
github.com/ramayac/goposix/pkg/date/date.go:494.18,496.15 2 1
github.com/ramayac/goposix/pkg/date/date.go:496.15,498.5 1 0
github.com/ramayac/goposix/pkg/date/date.go:499.4,499.36 1 1
github.com/ramayac/goposix/pkg/date/date.go:501.3,502.18 2 1
github.com/ramayac/goposix/pkg/date/date.go:502.18,504.56 2 1
github.com/ramayac/goposix/pkg/date/date.go:504.56,506.5 1 1
github.com/ramayac/goposix/pkg/date/date.go:506.10,507.10 1 1
github.com/ramayac/goposix/pkg/date/date.go:510.3,510.13 1 1
github.com/ramayac/goposix/pkg/date/date.go:510.13,512.4 1 0
github.com/ramayac/goposix/pkg/date/date.go:513.3,513.28 1 1
github.com/ramayac/goposix/pkg/date/date.go:516.2,516.52 1 1
github.com/ramayac/goposix/pkg/date/date.go:516.52,517.18 1 1
github.com/ramayac/goposix/pkg/date/date.go:517.18,519.4 1 0
github.com/ramayac/goposix/pkg/date/date.go:520.3,521.18 2 1
github.com/ramayac/goposix/pkg/date/date.go:521.18,524.4 2 0
github.com/ramayac/goposix/pkg/date/date.go:524.9,524.25 1 1
github.com/ramayac/goposix/pkg/date/date.go:524.25,527.4 2 1
github.com/ramayac/goposix/pkg/date/date.go:529.3,530.18 2 1
github.com/ramayac/goposix/pkg/date/date.go:530.18,532.42 2 1
github.com/ramayac/goposix/pkg/date/date.go:532.42,534.5 1 1
github.com/ramayac/goposix/pkg/date/date.go:534.10,535.10 1 1
github.com/ramayac/goposix/pkg/date/date.go:538.3,538.13 1 1
github.com/ramayac/goposix/pkg/date/date.go:538.13,540.4 1 0
github.com/ramayac/goposix/pkg/date/date.go:542.3,546.39 4 1
github.com/ramayac/goposix/pkg/date/date.go:546.39,548.4 1 0
github.com/ramayac/goposix/pkg/date/date.go:550.3,551.17 2 1
github.com/ramayac/goposix/pkg/date/date.go:551.17,553.4 1 0
github.com/ramayac/goposix/pkg/date/date.go:555.3,556.22 2 1
github.com/ramayac/goposix/pkg/date/date.go:556.22,558.18 2 0
github.com/ramayac/goposix/pkg/date/date.go:558.18,560.5 1 0
github.com/ramayac/goposix/pkg/date/date.go:563.3,564.22 2 1
github.com/ramayac/goposix/pkg/date/date.go:564.22,566.18 2 0
github.com/ramayac/goposix/pkg/date/date.go:566.18,568.5 1 0
github.com/ramayac/goposix/pkg/date/date.go:571.3,572.30 2 1
github.com/ramayac/goposix/pkg/date/date.go:575.2,576.9 2 1
github.com/ramayac/goposix/pkg/date/date.go:576.9,578.3 1 0
github.com/ramayac/goposix/pkg/date/date.go:580.2,581.9 2 1
github.com/ramayac/goposix/pkg/date/date.go:581.9,583.3 1 0
github.com/ramayac/goposix/pkg/date/date.go:584.2,591.20 3 1
github.com/ramayac/goposix/pkg/date/date.go:591.20,593.3 1 1
github.com/ramayac/goposix/pkg/date/date.go:595.2,596.9 2 1
github.com/ramayac/goposix/pkg/date/date.go:596.9,598.3 1 0
github.com/ramayac/goposix/pkg/date/date.go:599.2,603.95 4 1
github.com/ramayac/goposix/pkg/date/date.go:603.95,605.10 2 0
github.com/ramayac/goposix/pkg/date/date.go:605.10,607.4 1 0
github.com/ramayac/goposix/pkg/date/date.go:608.3,609.11 2 0
github.com/ramayac/goposix/pkg/date/date.go:610.8,612.3 1 1
github.com/ramayac/goposix/pkg/date/date.go:613.2,615.20 2 1
github.com/ramayac/goposix/pkg/date/date.go:615.20,633.3 3 0
github.com/ramayac/goposix/pkg/date/date.go:635.2,635.20 1 1
github.com/ramayac/goposix/pkg/date/date.go:635.20,637.3 1 0
github.com/ramayac/goposix/pkg/date/date.go:638.2,640.72 2 1
github.com/ramayac/goposix/pkg/date/date.go:640.72,643.18 3 1
github.com/ramayac/goposix/pkg/date/date.go:643.18,645.4 1 0
github.com/ramayac/goposix/pkg/date/date.go:647.3,647.18 1 1
github.com/ramayac/goposix/pkg/date/date.go:647.18,650.55 3 1
github.com/ramayac/goposix/pkg/date/date.go:650.55,652.5 1 1
github.com/ramayac/goposix/pkg/date/date.go:653.4,657.23 4 1
github.com/ramayac/goposix/pkg/date/date.go:657.23,659.5 1 0
github.com/ramayac/goposix/pkg/date/date.go:660.4,663.49 4 1
github.com/ramayac/goposix/pkg/date/date.go:663.49,665.5 1 0
github.com/ramayac/goposix/pkg/date/date.go:666.4,669.11 4 1
github.com/ramayac/goposix/pkg/date/date.go:670.9,670.25 1 0
github.com/ramayac/goposix/pkg/date/date.go:670.25,673.55 3 0
github.com/ramayac/goposix/pkg/date/date.go:673.55,675.5 1 0
github.com/ramayac/goposix/pkg/date/date.go:676.4,677.18 2 0
github.com/ramayac/goposix/pkg/date/date.go:677.18,679.5 1 0
github.com/ramayac/goposix/pkg/date/date.go:680.4,681.15 2 0
github.com/ramayac/goposix/pkg/date/date.go:682.9,682.40 1 0
github.com/ramayac/goposix/pkg/date/date.go:682.40,685.55 3 0
github.com/ramayac/goposix/pkg/date/date.go:685.55,687.5 1 0
github.com/ramayac/goposix/pkg/date/date.go:688.4,689.18 2 0
github.com/ramayac/goposix/pkg/date/date.go:689.18,691.5 1 0
github.com/ramayac/goposix/pkg/date/date.go:692.4,693.15 2 0
github.com/ramayac/goposix/pkg/date/date.go:694.9,696.4 1 0
github.com/ramayac/goposix/pkg/date/date.go:698.3,699.32 2 1
github.com/ramayac/goposix/pkg/date/date.go:699.32,702.38 3 1
github.com/ramayac/goposix/pkg/date/date.go:702.38,704.5 1 1
github.com/ramayac/goposix/pkg/date/date.go:705.4,709.42 4 1
github.com/ramayac/goposix/pkg/date/date.go:709.42,711.19 2 1
github.com/ramayac/goposix/pkg/date/date.go:711.19,713.25 2 1
github.com/ramayac/goposix/pkg/date/date.go:713.25,715.7 1 0
github.com/ramayac/goposix/pkg/date/date.go:716.6,717.25 2 1
github.com/ramayac/goposix/pkg/date/date.go:717.25,719.7 1 0
github.com/ramayac/goposix/pkg/date/date.go:720.6,720.49 1 1
github.com/ramayac/goposix/pkg/date/date.go:725.3,725.23 1 1
github.com/ramayac/goposix/pkg/date/date.go:728.2,729.9 2 1
github.com/ramayac/goposix/pkg/date/date.go:729.9,731.3 1 0
github.com/ramayac/goposix/pkg/date/date.go:732.2,734.38 2 1
github.com/ramayac/goposix/pkg/date/date.go:734.38,736.3 1 0
github.com/ramayac/goposix/pkg/date/date.go:737.2,740.9 3 1
github.com/ramayac/goposix/pkg/date/date.go:740.9,742.3 1 0
github.com/ramayac/goposix/pkg/date/date.go:743.2,745.18 2 1
github.com/ramayac/goposix/cmd/goposix/main.go:108.13,112.45 1 0
github.com/ramayac/goposix/cmd/goposix/main.go:112.45,114.3 1 0
github.com/ramayac/goposix/cmd/goposix/main.go:115.2,115.25 1 0
github.com/ramayac/goposix/pkg/daemon/daemon.go:24.84,26.16 2 1
github.com/ramayac/goposix/pkg/daemon/daemon.go:26.16,29.3 2 1
github.com/ramayac/goposix/pkg/daemon/daemon.go:31.2,32.34 2 1
github.com/ramayac/goposix/pkg/daemon/daemon.go:32.34,34.3 1 1
github.com/ramayac/goposix/pkg/daemon/daemon.go:36.2,37.34 2 1
github.com/ramayac/goposix/pkg/daemon/daemon.go:37.34,38.53 1 1
github.com/ramayac/goposix/pkg/daemon/daemon.go:38.53,40.4 1 1
github.com/ramayac/goposix/pkg/daemon/daemon.go:43.2,45.68 2 1
github.com/ramayac/goposix/pkg/daemon/daemon.go:45.68,48.3 2 0
github.com/ramayac/goposix/pkg/daemon/daemon.go:50.2,50.10 1 0
github.com/ramayac/goposix/pkg/daemon/daemon.go:53.13,55.2 1 1
github.com/ramayac/goposix/pkg/dd/dd.go:17.80,22.22 3 1
github.com/ramayac/goposix/pkg/dd/dd.go:22.22,24.17 2 1
github.com/ramayac/goposix/pkg/dd/dd.go:24.17,27.4 2 0
github.com/ramayac/goposix/pkg/dd/dd.go:28.3,29.12 2 1
github.com/ramayac/goposix/pkg/dd/dd.go:30.8,32.3 1 1
github.com/ramayac/goposix/pkg/dd/dd.go:35.2,37.22 3 1
github.com/ramayac/goposix/pkg/dd/dd.go:37.22,39.23 2 1
github.com/ramayac/goposix/pkg/dd/dd.go:39.23,41.4 1 1
github.com/ramayac/goposix/pkg/dd/dd.go:41.9,43.4 1 1
github.com/ramayac/goposix/pkg/dd/dd.go:44.3,45.17 2 1
github.com/ramayac/goposix/pkg/dd/dd.go:45.17,48.4 2 0
github.com/ramayac/goposix/pkg/dd/dd.go:49.3,51.13 3 1
github.com/ramayac/goposix/pkg/dd/dd.go:52.8,54.3 1 1
github.com/ramayac/goposix/pkg/dd/dd.go:57.2,59.17 3 1
github.com/ramayac/goposix/pkg/dd/dd.go:59.17,62.3 2 1
github.com/ramayac/goposix/pkg/dd/dd.go:63.2,63.14 1 1
github.com/ramayac/goposix/pkg/dd/dd.go:63.14,65.3 1 1
github.com/ramayac/goposix/pkg/dd/dd.go:66.2,66.14 1 1
github.com/ramayac/goposix/pkg/dd/dd.go:66.14,68.3 1 1
github.com/ramayac/goposix/pkg/dd/dd.go:71.2,71.19 1 1
github.com/ramayac/goposix/pkg/dd/dd.go:71.19,73.41 2 1
github.com/ramayac/goposix/pkg/dd/dd.go:73.41,75.18 2 1
github.com/ramayac/goposix/pkg/dd/dd.go:75.18,76.10 1 0
github.com/ramayac/goposix/pkg/dd/dd.go:82.2,82.37 1 1
github.com/ramayac/goposix/pkg/dd/dd.go:82.37,84.3 1 1
github.com/ramayac/goposix/pkg/dd/dd.go:86.2,94.38 8 1
github.com/ramayac/goposix/pkg/dd/dd.go:94.38,97.3 2 1
github.com/ramayac/goposix/pkg/dd/dd.go:99.2,99.6 1 1
github.com/ramayac/goposix/pkg/dd/dd.go:99.6,102.20 2 1
github.com/ramayac/goposix/pkg/dd/dd.go:102.20,104.22 2 1
github.com/ramayac/goposix/pkg/dd/dd.go:104.22,105.10 1 1
github.com/ramayac/goposix/pkg/dd/dd.go:107.4,107.27 1 1
github.com/ramayac/goposix/pkg/dd/dd.go:107.27,109.5 1 1
github.com/ramayac/goposix/pkg/dd/dd.go:112.3,113.33 2 1
github.com/ramayac/goposix/pkg/dd/dd.go:113.33,116.4 1 0
github.com/ramayac/goposix/pkg/dd/dd.go:117.3,117.30 1 1
github.com/ramayac/goposix/pkg/dd/dd.go:117.30,118.9 1 1
github.com/ramayac/goposix/pkg/dd/dd.go:120.3,120.34 1 1
github.com/ramayac/goposix/pkg/dd/dd.go:120.34,121.24 1 0
github.com/ramayac/goposix/pkg/dd/dd.go:121.24,123.14 1 0
github.com/ramayac/goposix/pkg/dd/dd.go:123.14,126.6 1 0
github.com/ramayac/goposix/pkg/dd/dd.go:127.10,130.5 2 0
github.com/ramayac/goposix/pkg/dd/dd.go:133.3,133.12 1 1
github.com/ramayac/goposix/pkg/dd/dd.go:133.12,135.23 2 1
github.com/ramayac/goposix/pkg/dd/dd.go:135.23,137.5 1 1
github.com/ramayac/goposix/pkg/dd/dd.go:137.10,139.5 1 1
github.com/ramayac/goposix/pkg/dd/dd.go:142.4,143.39 2 1
github.com/ramayac/goposix/pkg/dd/dd.go:143.39,147.5 3 1
github.com/ramayac/goposix/pkg/dd/dd.go:149.4,150.37 2 1
github.com/ramayac/goposix/pkg/dd/dd.go:150.37,152.50 2 1
github.com/ramayac/goposix/pkg/dd/dd.go:152.50,154.6 1 1
github.com/ramayac/goposix/pkg/dd/dd.go:155.5,156.15 2 1
github.com/ramayac/goposix/pkg/dd/dd.go:156.15,159.6 2 1
github.com/ramayac/goposix/pkg/dd/dd.go:160.5,160.20 1 1
github.com/ramayac/goposix/pkg/dd/dd.go:160.20,162.11 2 1
github.com/ramayac/goposix/pkg/dd/dd.go:166.4,166.16 1 1
github.com/ramayac/goposix/pkg/dd/dd.go:166.16,167.10 1 1
github.com/ramayac/goposix/pkg/dd/dd.go:170.4,170.35 1 1
github.com/ramayac/goposix/pkg/dd/dd.go:170.35,172.5 1 1
github.com/ramayac/goposix/pkg/dd/dd.go:172.10,174.5 1 1
github.com/ramayac/goposix/pkg/dd/dd.go:177.4,177.41 1 1
github.com/ramayac/goposix/pkg/dd/dd.go:177.41,179.28 2 1
github.com/ramayac/goposix/pkg/dd/dd.go:179.28,180.11 1 1
github.com/ramayac/goposix/pkg/dd/dd.go:185.3,185.20 1 1
github.com/ramayac/goposix/pkg/dd/dd.go:185.20,186.9 1 0
github.com/ramayac/goposix/pkg/dd/dd.go:191.2,191.38 1 1
github.com/ramayac/goposix/pkg/dd/dd.go:191.38,193.3 1 0
github.com/ramayac/goposix/pkg/dd/dd.go:196.2,196.27 1 1
github.com/ramayac/goposix/pkg/dd/dd.go:196.27,199.46 3 1
github.com/ramayac/goposix/pkg/dd/dd.go:199.46,201.4 1 1
github.com/ramayac/goposix/pkg/dd/dd.go:204.2,204.14 1 1
github.com/ramayac/goposix/pkg/dd/dd.go:204.14,206.3 1 1
github.com/ramayac/goposix/pkg/dd/dd.go:207.2,207.10 1 1
github.com/ramayac/goposix/pkg/dd/dd.go:229.42,231.25 2 1
github.com/ramayac/goposix/pkg/dd/dd.go:231.25,233.13 2 1
github.com/ramayac/goposix/pkg/dd/dd.go:233.13,234.12 1 0
github.com/ramayac/goposix/pkg/dd/dd.go:236.3,239.14 3 1
github.com/ramayac/goposix/pkg/dd/dd.go:240.13,241.20 1 1
github.com/ramayac/goposix/pkg/dd/dd.go:242.13,243.20 1 1
github.com/ramayac/goposix/pkg/dd/dd.go:244.13,245.32 1 1
github.com/ramayac/goposix/pkg/dd/dd.go:246.14,247.33 1 0
github.com/ramayac/goposix/pkg/dd/dd.go:248.14,249.33 1 0
github.com/ramayac/goposix/pkg/dd/dd.go:250.16,251.35 1 1
github.com/ramayac/goposix/pkg/dd/dd.go:252.15,253.34 1 1
github.com/ramayac/goposix/pkg/dd/dd.go:254.15,255.34 1 1
github.com/ramayac/goposix/pkg/dd/dd.go:256.17,257.21 1 1
github.com/ramayac/goposix/pkg/dd/dd.go:258.15,259.46 1 1
github.com/ramayac/goposix/pkg/dd/dd.go:259.46,260.33 1 1
github.com/ramayac/goposix/pkg/dd/dd.go:261.17,262.26 1 1
github.com/ramayac/goposix/pkg/dd/dd.go:263.20,264.29 1 0
github.com/ramayac/goposix/pkg/dd/dd.go:265.20,266.29 1 1
github.com/ramayac/goposix/pkg/dd/dd.go:267.18,268.27 1 0
github.com/ramayac/goposix/pkg/dd/dd.go:271.16,272.46 1 1
github.com/ramayac/goposix/pkg/dd/dd.go:272.46,273.33 1 1
github.com/ramayac/goposix/pkg/dd/dd.go:274.24,275.33 1 1
github.com/ramayac/goposix/pkg/dd/dd.go:280.2,280.13 1 1
github.com/ramayac/goposix/pkg/dd/dd.go:283.42,287.16 3 1
github.com/ramayac/goposix/pkg/dd/dd.go:287.16,288.22 1 1
github.com/ramayac/goposix/pkg/dd/dd.go:289.17,292.20 2 1
github.com/ramayac/goposix/pkg/dd/dd.go:293.17,295.20 2 1
github.com/ramayac/goposix/pkg/dd/dd.go:296.17,298.20 2 1
github.com/ramayac/goposix/pkg/dd/dd.go:299.17,301.20 2 1
github.com/ramayac/goposix/pkg/dd/dd.go:302.12,306.17 3 1
github.com/ramayac/goposix/pkg/dd/dd.go:309.2,310.22 2 1
github.com/ramayac/goposix/pkg/dd/dd.go:317.84,319.2 1 1
github.com/ramayac/goposix/pkg/dd/dd.go:322.86,324.2 1 1
github.com/ramayac/goposix/pkg/dd/dd.go:326.13,332.2 1 1
github.com/ramayac/goposix/pkg/dirname/dirname.go:26.37,28.2 1 1
github.com/ramayac/goposix/pkg/dirname/dirname.go:30.84,32.16 2 1
github.com/ramayac/goposix/pkg/dirname/dirname.go:32.16,35.3 2 0
github.com/ramayac/goposix/pkg/dirname/dirname.go:36.2,36.32 1 1
github.com/ramayac/goposix/pkg/dirname/dirname.go:36.32,39.3 2 1
github.com/ramayac/goposix/pkg/dirname/dirname.go:40.2,42.60 3 1
github.com/ramayac/goposix/pkg/dirname/dirname.go:42.60,44.3 1 1
github.com/ramayac/goposix/pkg/dirname/dirname.go:45.2,45.10 1 1
github.com/ramayac/goposix/pkg/dirname/dirname.go:48.13,50.2 1 1
github.com/ramayac/goposix/pkg/echo/echo.go:25.61,27.12 2 1
github.com/ramayac/goposix/pkg/echo/echo.go:27.12,29.3 1 1
github.com/ramayac/goposix/pkg/echo/echo.go:30.2,30.31 1 1
github.com/ramayac/goposix/pkg/echo/echo.go:34.38,36.30 2 1
github.com/ramayac/goposix/pkg/echo/echo.go:36.30,37.35 1 1
github.com/ramayac/goposix/pkg/echo/echo.go:37.35,40.13 3 1
github.com/ramayac/goposix/pkg/echo/echo.go:41.13,42.23 1 1
github.com/ramayac/goposix/pkg/echo/echo.go:43.13,44.23 1 1
github.com/ramayac/goposix/pkg/echo/echo.go:45.13,46.23 1 1
github.com/ramayac/goposix/pkg/echo/echo.go:47.14,48.23 1 1
github.com/ramayac/goposix/pkg/echo/echo.go:49.13,50.23 1 1
github.com/ramayac/goposix/pkg/echo/echo.go:51.13,52.23 1 1
github.com/ramayac/goposix/pkg/echo/echo.go:53.13,54.23 1 1
github.com/ramayac/goposix/pkg/echo/echo.go:55.13,57.21 1 1
github.com/ramayac/goposix/pkg/echo/echo.go:57.21,60.39 3 1
github.com/ramayac/goposix/pkg/echo/echo.go:60.39,62.31 2 1
github.com/ramayac/goposix/pkg/echo/echo.go:62.31,64.8 1 1
github.com/ramayac/goposix/pkg/echo/echo.go:64.13,64.38 1 1
github.com/ramayac/goposix/pkg/echo/echo.go:64.38,66.8 1 0
github.com/ramayac/goposix/pkg/echo/echo.go:66.13,66.38 1 1
github.com/ramayac/goposix/pkg/echo/echo.go:66.38,68.8 1 0
github.com/ramayac/goposix/pkg/echo/echo.go:68.13,69.13 1 1
github.com/ramayac/goposix/pkg/echo/echo.go:72.6,72.17 1 1
github.com/ramayac/goposix/pkg/echo/echo.go:72.17,75.7 2 1
github.com/ramayac/goposix/pkg/echo/echo.go:75.12,78.7 2 1
github.com/ramayac/goposix/pkg/echo/echo.go:79.11,82.6 2 1
github.com/ramayac/goposix/pkg/echo/echo.go:83.12,87.17 1 1
github.com/ramayac/goposix/pkg/echo/echo.go:87.17,91.74 3 1
github.com/ramayac/goposix/pkg/echo/echo.go:91.74,93.7 1 1
github.com/ramayac/goposix/pkg/echo/echo.go:94.6,94.21 1 1
github.com/ramayac/goposix/pkg/echo/echo.go:94.21,98.7 3 1
github.com/ramayac/goposix/pkg/echo/echo.go:98.12,100.7 1 1
github.com/ramayac/goposix/pkg/echo/echo.go:101.11,101.36 1 1
github.com/ramayac/goposix/pkg/echo/echo.go:101.36,104.69 3 1
github.com/ramayac/goposix/pkg/echo/echo.go:104.69,106.7 1 1
github.com/ramayac/goposix/pkg/echo/echo.go:107.6,108.15 2 1
github.com/ramayac/goposix/pkg/echo/echo.go:109.11,113.6 2 1
github.com/ramayac/goposix/pkg/echo/echo.go:115.9,117.4 1 1
github.com/ramayac/goposix/pkg/echo/echo.go:119.2,119.20 1 1
github.com/ramayac/goposix/pkg/echo/echo.go:126.87,128.20 2 1
github.com/ramayac/goposix/pkg/echo/echo.go:128.20,131.20 2 1
github.com/ramayac/goposix/pkg/echo/echo.go:131.20,134.12 3 1
github.com/ramayac/goposix/pkg/echo/echo.go:137.3,137.48 1 1
github.com/ramayac/goposix/pkg/echo/echo.go:137.48,144.28 4 1
github.com/ramayac/goposix/pkg/echo/echo.go:144.28,145.14 1 1
github.com/ramayac/goposix/pkg/echo/echo.go:146.14,147.16 1 1
github.com/ramayac/goposix/pkg/echo/echo.go:148.14,149.16 1 1
github.com/ramayac/goposix/pkg/echo/echo.go:150.14,152.17 2 1
github.com/ramayac/goposix/pkg/echo/echo.go:153.13,154.22 1 1
github.com/ramayac/goposix/pkg/echo/echo.go:157.4,157.16 1 1
github.com/ramayac/goposix/pkg/echo/echo.go:157.16,159.20 2 1
github.com/ramayac/goposix/pkg/echo/echo.go:159.20,161.6 1 1
github.com/ramayac/goposix/pkg/echo/echo.go:162.5,163.13 2 1
github.com/ramayac/goposix/pkg/echo/echo.go:167.3,167.8 1 1
github.com/ramayac/goposix/pkg/echo/echo.go:169.2,170.8 2 1
github.com/ramayac/goposix/pkg/echo/echo.go:173.84,178.57 3 1
github.com/ramayac/goposix/pkg/echo/echo.go:178.57,179.16 1 1
github.com/ramayac/goposix/pkg/echo/echo.go:179.16,181.4 1 1
github.com/ramayac/goposix/pkg/echo/echo.go:181.9,183.4 1 1
github.com/ramayac/goposix/pkg/echo/echo.go:185.2,185.10 1 1
github.com/ramayac/goposix/pkg/echo/echo.go:188.13,194.2 1 1
github.com/ramayac/goposix/pkg/env/env.go:28.57,31.16 2 1
github.com/ramayac/goposix/pkg/env/env.go:31.16,32.34 1 1
github.com/ramayac/goposix/pkg/env/env.go:32.34,34.23 2 1
github.com/ramayac/goposix/pkg/env/env.go:34.23,36.5 1 1
github.com/ramayac/goposix/pkg/env/env.go:40.2,40.31 1 1
github.com/ramayac/goposix/pkg/env/env.go:40.31,41.31 1 1
github.com/ramayac/goposix/pkg/env/env.go:41.31,44.4 2 1
github.com/ramayac/goposix/pkg/env/env.go:46.2,46.30 1 1
github.com/ramayac/goposix/pkg/env/env.go:49.84,51.16 2 1
github.com/ramayac/goposix/pkg/env/env.go:51.16,54.3 2 1
github.com/ramayac/goposix/pkg/env/env.go:55.2,59.56 4 1
github.com/ramayac/goposix/pkg/env/env.go:59.56,60.33 1 1
github.com/ramayac/goposix/pkg/env/env.go:60.33,62.4 1 1
github.com/ramayac/goposix/pkg/env/env.go:64.2,64.10 1 1
github.com/ramayac/goposix/pkg/env/env.go:67.13,73.2 1 1
github.com/ramayac/goposix/pkg/du/du.go:33.84,35.16 2 1
github.com/ramayac/goposix/pkg/du/du.go:35.16,38.3 2 0
github.com/ramayac/goposix/pkg/du/du.go:40.2,41.21 2 1
github.com/ramayac/goposix/pkg/du/du.go:41.21,43.3 1 0
github.com/ramayac/goposix/pkg/du/du.go:45.2,54.10 8 1
github.com/ramayac/goposix/pkg/du/du.go:54.10,56.3 1 1
github.com/ramayac/goposix/pkg/du/du.go:58.2,61.29 3 1
github.com/ramayac/goposix/pkg/du/du.go:61.29,66.80 4 1
github.com/ramayac/goposix/pkg/du/du.go:66.80,67.18 1 1
github.com/ramayac/goposix/pkg/du/du.go:67.18,71.5 3 0
github.com/ramayac/goposix/pkg/du/du.go:72.4,73.18 2 1
github.com/ramayac/goposix/pkg/du/du.go:73.18,75.5 1 0
github.com/ramayac/goposix/pkg/du/du.go:78.4,78.13 1 1
github.com/ramayac/goposix/pkg/du/du.go:78.13,80.11 2 1
github.com/ramayac/goposix/pkg/du/du.go:80.11,82.19 2 1
github.com/ramayac/goposix/pkg/du/du.go:82.19,84.7 1 0
github.com/ramayac/goposix/pkg/du/du.go:85.6,85.22 1 1
github.com/ramayac/goposix/pkg/du/du.go:93.4,95.14 3 1
github.com/ramayac/goposix/pkg/du/du.go:98.3,98.17 1 1
github.com/ramayac/goposix/pkg/du/du.go:98.17,100.4 1 0
github.com/ramayac/goposix/pkg/du/du.go:102.3,106.5 1 1
github.com/ramayac/goposix/pkg/du/du.go:109.2,109.56 1 1
github.com/ramayac/goposix/pkg/du/du.go:109.56,110.29 1 1
github.com/ramayac/goposix/pkg/du/du.go:110.29,111.17 1 1
github.com/ramayac/goposix/pkg/du/du.go:111.18,113.5 0 0
github.com/ramayac/goposix/pkg/du/du.go:114.4,114.13 1 1
github.com/ramayac/goposix/pkg/du/du.go:114.13,116.5 1 0
github.com/ramayac/goposix/pkg/du/du.go:116.10,119.5 2 1
github.com/ramayac/goposix/pkg/du/du.go:123.2,123.17 1 1
github.com/ramayac/goposix/pkg/du/du.go:127.35,131.38 4 1
github.com/ramayac/goposix/pkg/du/du.go:131.38,134.3 2 1
github.com/ramayac/goposix/pkg/du/du.go:136.2,136.14 1 1
github.com/ramayac/goposix/pkg/du/du.go:136.14,138.3 1 1
github.com/ramayac/goposix/pkg/du/du.go:140.2,141.45 2 1
github.com/ramayac/goposix/pkg/du/du.go:144.13,146.2 1 1
github.com/ramayac/goposix/pkg/expand/expand.go:28.69,31.29 3 1
github.com/ramayac/goposix/pkg/expand/expand.go:31.29,33.39 2 1
github.com/ramayac/goposix/pkg/expand/expand.go:33.39,37.12 4 0
github.com/ramayac/goposix/pkg/expand/expand.go:39.3,39.16 1 1
github.com/ramayac/goposix/pkg/expand/expand.go:39.16,44.4 4 1
github.com/ramayac/goposix/pkg/expand/expand.go:44.9,48.31 4 1
github.com/ramayac/goposix/pkg/expand/expand.go:48.31,51.5 2 1
github.com/ramayac/goposix/pkg/expand/expand.go:54.2,54.24 1 1
github.com/ramayac/goposix/pkg/expand/expand.go:58.69,59.17 1 1
github.com/ramayac/goposix/pkg/expand/expand.go:59.17,61.3 1 1
github.com/ramayac/goposix/pkg/expand/expand.go:62.2,63.29 2 1
github.com/ramayac/goposix/pkg/expand/expand.go:63.29,65.3 1 1
github.com/ramayac/goposix/pkg/expand/expand.go:66.2,66.34 1 1
github.com/ramayac/goposix/pkg/expand/expand.go:69.90,71.16 2 1
github.com/ramayac/goposix/pkg/expand/expand.go:71.16,74.3 2 0
github.com/ramayac/goposix/pkg/expand/expand.go:75.2,79.36 4 1
github.com/ramayac/goposix/pkg/expand/expand.go:79.36,80.50 1 0
github.com/ramayac/goposix/pkg/expand/expand.go:80.50,82.4 1 0
github.com/ramayac/goposix/pkg/expand/expand.go:85.2,86.32 2 1
github.com/ramayac/goposix/pkg/expand/expand.go:86.32,88.3 1 1
github.com/ramayac/goposix/pkg/expand/expand.go:88.8,89.38 1 0
github.com/ramayac/goposix/pkg/expand/expand.go:89.38,92.4 2 0
github.com/ramayac/goposix/pkg/expand/expand.go:95.2,96.48 2 1
github.com/ramayac/goposix/pkg/expand/expand.go:96.48,98.3 1 1
github.com/ramayac/goposix/pkg/expand/expand.go:99.2,101.29 3 1
github.com/ramayac/goposix/pkg/expand/expand.go:101.29,103.3 1 1
github.com/ramayac/goposix/pkg/expand/expand.go:105.2,105.14 1 1
github.com/ramayac/goposix/pkg/expand/expand.go:105.14,106.79 1 1
github.com/ramayac/goposix/pkg/expand/expand.go:106.80,106.81 0 0
github.com/ramayac/goposix/pkg/expand/expand.go:107.3,107.11 1 1
github.com/ramayac/goposix/pkg/expand/expand.go:110.2,111.51 2 1
github.com/ramayac/goposix/pkg/expand/expand.go:111.51,113.3 1 1
github.com/ramayac/goposix/pkg/expand/expand.go:114.2,114.10 1 1
github.com/ramayac/goposix/pkg/expand/expand.go:117.84,119.2 1 1
github.com/ramayac/goposix/pkg/expand/expand.go:120.13,122.2 1 1
github.com/ramayac/goposix/pkg/expr/expr.go:41.32,42.28 1 1
github.com/ramayac/goposix/pkg/expr/expr.go:42.28,44.3 1 1
github.com/ramayac/goposix/pkg/expr/expr.go:45.2,45.24 1 1
github.com/ramayac/goposix/pkg/expr/expr.go:48.32,52.2 3 1
github.com/ramayac/goposix/pkg/expr/expr.go:54.30,56.2 1 1
github.com/ramayac/goposix/pkg/expr/expr.go:60.49,61.22 1 1
github.com/ramayac/goposix/pkg/expr/expr.go:61.22,63.3 1 1
github.com/ramayac/goposix/pkg/expr/expr.go:64.2,66.16 3 1
github.com/ramayac/goposix/pkg/expr/expr.go:66.16,68.3 1 1
github.com/ramayac/goposix/pkg/expr/expr.go:69.2,69.15 1 1
github.com/ramayac/goposix/pkg/expr/expr.go:69.15,71.3 1 0
github.com/ramayac/goposix/pkg/expr/expr.go:72.2,72.38 1 1
github.com/ramayac/goposix/pkg/expr/expr.go:75.34,77.35 1 1
github.com/ramayac/goposix/pkg/expr/expr.go:77.35,79.3 1 1
github.com/ramayac/goposix/pkg/expr/expr.go:80.2,80.10 1 1
github.com/ramayac/goposix/pkg/expr/expr.go:83.44,85.16 2 1
github.com/ramayac/goposix/pkg/expr/expr.go:85.16,87.3 1 1
github.com/ramayac/goposix/pkg/expr/expr.go:88.2,88.22 1 1
github.com/ramayac/goposix/pkg/expr/expr.go:88.22,91.17 3 1
github.com/ramayac/goposix/pkg/expr/expr.go:91.17,93.4 1 0
github.com/ramayac/goposix/pkg/expr/expr.go:94.3,94.32 1 1
github.com/ramayac/goposix/pkg/expr/expr.go:94.33,96.4 0 1
github.com/ramayac/goposix/pkg/expr/expr.go:96.9,98.4 1 1
github.com/ramayac/goposix/pkg/expr/expr.go:100.2,100.18 1 1
github.com/ramayac/goposix/pkg/expr/expr.go:103.45,105.16 2 1
github.com/ramayac/goposix/pkg/expr/expr.go:105.16,107.3 1 1
github.com/ramayac/goposix/pkg/expr/expr.go:108.2,108.22 1 1
github.com/ramayac/goposix/pkg/expr/expr.go:108.22,111.17 3 1
github.com/ramayac/goposix/pkg/expr/expr.go:111.17,113.4 1 0
github.com/ramayac/goposix/pkg/expr/expr.go:114.3,116.28 3 1
github.com/ramayac/goposix/pkg/expr/expr.go:116.28,118.4 1 1
github.com/ramayac/goposix/pkg/expr/expr.go:121.2,121.18 1 1
github.com/ramayac/goposix/pkg/expr/expr.go:124.45,126.16 2 1
github.com/ramayac/goposix/pkg/expr/expr.go:126.16,128.3 1 1
github.com/ramayac/goposix/pkg/expr/expr.go:129.2,129.6 1 1
github.com/ramayac/goposix/pkg/expr/expr.go:129.6,131.13 2 1
github.com/ramayac/goposix/pkg/expr/expr.go:132.40,135.18 3 1
github.com/ramayac/goposix/pkg/expr/expr.go:135.18,137.5 1 0
github.com/ramayac/goposix/pkg/expr/expr.go:138.4,138.37 1 1
github.com/ramayac/goposix/pkg/expr/expr.go:139.11,140.20 1 1
github.com/ramayac/goposix/pkg/expr/expr.go:145.47,150.32 3 1
github.com/ramayac/goposix/pkg/expr/expr.go:150.32,152.13 2 1
github.com/ramayac/goposix/pkg/expr/expr.go:153.12,154.21 1 1
github.com/ramayac/goposix/pkg/expr/expr.go:155.13,156.21 1 1
github.com/ramayac/goposix/pkg/expr/expr.go:157.12,158.20 1 1
github.com/ramayac/goposix/pkg/expr/expr.go:159.13,160.21 1 1
github.com/ramayac/goposix/pkg/expr/expr.go:161.12,162.20 1 1
github.com/ramayac/goposix/pkg/expr/expr.go:163.13,164.21 1 1
github.com/ramayac/goposix/pkg/expr/expr.go:166.3,166.13 1 1
github.com/ramayac/goposix/pkg/expr/expr.go:166.13,168.4 1 1
github.com/ramayac/goposix/pkg/expr/expr.go:169.3,169.13 1 1
github.com/ramayac/goposix/pkg/expr/expr.go:173.2,175.12 3 1
github.com/ramayac/goposix/pkg/expr/expr.go:176.11,177.20 1 0
github.com/ramayac/goposix/pkg/expr/expr.go:178.12,179.20 1 0
github.com/ramayac/goposix/pkg/expr/expr.go:180.11,181.19 1 1
github.com/ramayac/goposix/pkg/expr/expr.go:182.12,183.20 1 0
github.com/ramayac/goposix/pkg/expr/expr.go:184.11,185.19 1 0
github.com/ramayac/goposix/pkg/expr/expr.go:186.12,187.20 1 0
github.com/ramayac/goposix/pkg/expr/expr.go:189.2,189.12 1 1
github.com/ramayac/goposix/pkg/expr/expr.go:189.12,191.3 1 1
github.com/ramayac/goposix/pkg/expr/expr.go:192.2,192.12 1 0
github.com/ramayac/goposix/pkg/expr/expr.go:195.45,197.16 2 1
github.com/ramayac/goposix/pkg/expr/expr.go:197.16,199.3 1 1
github.com/ramayac/goposix/pkg/expr/expr.go:200.2,200.41 1 1
github.com/ramayac/goposix/pkg/expr/expr.go:200.41,203.17 3 1
github.com/ramayac/goposix/pkg/expr/expr.go:203.17,205.4 1 0
github.com/ramayac/goposix/pkg/expr/expr.go:206.3,208.33 3 1
github.com/ramayac/goposix/pkg/expr/expr.go:208.33,210.4 1 1
github.com/ramayac/goposix/pkg/expr/expr.go:211.3,211.16 1 1
github.com/ramayac/goposix/pkg/expr/expr.go:211.16,213.4 1 1
github.com/ramayac/goposix/pkg/expr/expr.go:213.9,215.4 1 1
github.com/ramayac/goposix/pkg/expr/expr.go:217.2,217.18 1 1
github.com/ramayac/goposix/pkg/expr/expr.go:220.45,222.16 2 1
github.com/ramayac/goposix/pkg/expr/expr.go:222.16,224.3 1 0
github.com/ramayac/goposix/pkg/expr/expr.go:225.2,225.60 1 1
github.com/ramayac/goposix/pkg/expr/expr.go:225.60,228.17 3 1
github.com/ramayac/goposix/pkg/expr/expr.go:228.17,230.4 1 0
github.com/ramayac/goposix/pkg/expr/expr.go:231.3,233.33 3 1
github.com/ramayac/goposix/pkg/expr/expr.go:233.33,235.4 1 0
github.com/ramayac/goposix/pkg/expr/expr.go:236.3,236.13 1 1
github.com/ramayac/goposix/pkg/expr/expr.go:237.12,238.39 1 1
github.com/ramayac/goposix/pkg/expr/expr.go:239.12,240.15 1 1
github.com/ramayac/goposix/pkg/expr/expr.go:240.15,242.5 1 1
github.com/ramayac/goposix/pkg/expr/expr.go:243.4,243.39 1 1
github.com/ramayac/goposix/pkg/expr/expr.go:244.12,245.15 1 1
github.com/ramayac/goposix/pkg/expr/expr.go:245.15,247.5 1 1
github.com/ramayac/goposix/pkg/expr/expr.go:248.4,248.39 1 1
github.com/ramayac/goposix/pkg/expr/expr.go:251.2,251.18 1 1
github.com/ramayac/goposix/pkg/expr/expr.go:254.47,257.13 2 1
github.com/ramayac/goposix/pkg/expr/expr.go:258.15,261.17 3 1
github.com/ramayac/goposix/pkg/expr/expr.go:261.17,263.4 1 0
github.com/ramayac/goposix/pkg/expr/expr.go:264.3,265.17 2 1
github.com/ramayac/goposix/pkg/expr/expr.go:265.17,267.4 1 0
github.com/ramayac/goposix/pkg/expr/expr.go:268.3,268.28 1 1
github.com/ramayac/goposix/pkg/expr/expr.go:270.16,273.17 3 1
github.com/ramayac/goposix/pkg/expr/expr.go:273.17,275.4 1 0
github.com/ramayac/goposix/pkg/expr/expr.go:276.3,277.17 2 1
github.com/ramayac/goposix/pkg/expr/expr.go:277.17,279.4 1 0
github.com/ramayac/goposix/pkg/expr/expr.go:280.3,281.17 2 1
github.com/ramayac/goposix/pkg/expr/expr.go:281.17,283.4 1 0
github.com/ramayac/goposix/pkg/expr/expr.go:284.3,284.40 1 1
github.com/ramayac/goposix/pkg/expr/expr.go:286.15,289.17 3 1
github.com/ramayac/goposix/pkg/expr/expr.go:289.17,291.4 1 0
github.com/ramayac/goposix/pkg/expr/expr.go:292.3,293.17 2 1
github.com/ramayac/goposix/pkg/expr/expr.go:293.17,295.4 1 0
github.com/ramayac/goposix/pkg/expr/expr.go:296.3,296.35 1 1
github.com/ramayac/goposix/pkg/expr/expr.go:298.16,301.72 2 1
github.com/ramayac/goposix/pkg/expr/expr.go:301.72,303.4 1 0
github.com/ramayac/goposix/pkg/expr/expr.go:304.3,305.17 2 1
github.com/ramayac/goposix/pkg/expr/expr.go:305.17,307.4 1 0
github.com/ramayac/goposix/pkg/expr/expr.go:308.3,308.37 1 1
github.com/ramayac/goposix/pkg/expr/expr.go:311.2,311.25 1 1
github.com/ramayac/goposix/pkg/expr/expr.go:314.49,317.16 2 1
github.com/ramayac/goposix/pkg/expr/expr.go:317.16,320.17 3 1
github.com/ramayac/goposix/pkg/expr/expr.go:320.17,322.4 1 0
github.com/ramayac/goposix/pkg/expr/expr.go:323.3,323.22 1 1
github.com/ramayac/goposix/pkg/expr/expr.go:323.22,325.4 1 0
github.com/ramayac/goposix/pkg/expr/expr.go:326.3,327.21 2 1
github.com/ramayac/goposix/pkg/expr/expr.go:330.2,330.15 1 1
github.com/ramayac/goposix/pkg/expr/expr.go:330.15,332.3 1 0
github.com/ramayac/goposix/pkg/expr/expr.go:336.2,338.21 2 1
github.com/ramayac/goposix/pkg/expr/expr.go:338.21,341.17 3 1
github.com/ramayac/goposix/pkg/expr/expr.go:341.17,343.4 1 0
github.com/ramayac/goposix/pkg/expr/expr.go:344.3,344.28 1 1
github.com/ramayac/goposix/pkg/expr/expr.go:347.2,347.17 1 1
github.com/ramayac/goposix/pkg/expr/expr.go:352.52,354.38 1 1
github.com/ramayac/goposix/pkg/expr/expr.go:354.38,356.3 1 1
github.com/ramayac/goposix/pkg/expr/expr.go:357.2,358.16 2 1
github.com/ramayac/goposix/pkg/expr/expr.go:358.16,360.3 1 0
github.com/ramayac/goposix/pkg/expr/expr.go:361.2,362.14 2 1
github.com/ramayac/goposix/pkg/expr/expr.go:362.14,364.37 1 1
github.com/ramayac/goposix/pkg/expr/expr.go:364.37,366.4 1 0
github.com/ramayac/goposix/pkg/expr/expr.go:367.3,367.18 1 1
github.com/ramayac/goposix/pkg/expr/expr.go:369.2,369.16 1 1
github.com/ramayac/goposix/pkg/expr/expr.go:369.16,372.3 1 1
github.com/ramayac/goposix/pkg/expr/expr.go:374.2,374.37 1 1
github.com/ramayac/goposix/pkg/expr/expr.go:377.60,379.16 2 1
github.com/ramayac/goposix/pkg/expr/expr.go:379.16,381.3 1 0
github.com/ramayac/goposix/pkg/expr/expr.go:382.2,383.16 2 1
github.com/ramayac/goposix/pkg/expr/expr.go:383.16,385.3 1 0
github.com/ramayac/goposix/pkg/expr/expr.go:387.2,387.13 1 1
github.com/ramayac/goposix/pkg/expr/expr.go:387.13,389.3 1 1
github.com/ramayac/goposix/pkg/expr/expr.go:390.2,391.23 2 1
github.com/ramayac/goposix/pkg/expr/expr.go:391.23,393.3 1 1
github.com/ramayac/goposix/pkg/expr/expr.go:394.2,395.20 2 1
github.com/ramayac/goposix/pkg/expr/expr.go:395.20,397.3 1 0
github.com/ramayac/goposix/pkg/expr/expr.go:398.2,398.28 1 1
github.com/ramayac/goposix/pkg/expr/expr.go:401.41,403.24 1 1
github.com/ramayac/goposix/pkg/expr/expr.go:403.24,404.37 1 1
github.com/ramayac/goposix/pkg/expr/expr.go:404.37,406.4 1 1
github.com/ramayac/goposix/pkg/expr/expr.go:408.2,408.12 1 0
github.com/ramayac/goposix/pkg/expr/expr.go:411.84,416.25 3 1
github.com/ramayac/goposix/pkg/expr/expr.go:416.25,417.20 1 1
github.com/ramayac/goposix/pkg/expr/expr.go:417.20,419.4 1 1
github.com/ramayac/goposix/pkg/expr/expr.go:419.9,421.4 1 1
github.com/ramayac/goposix/pkg/expr/expr.go:424.2,427.16 3 1
github.com/ramayac/goposix/pkg/expr/expr.go:427.16,429.16 2 0
github.com/ramayac/goposix/pkg/expr/expr.go:429.16,431.4 1 0
github.com/ramayac/goposix/pkg/expr/expr.go:432.3,432.11 1 0
github.com/ramayac/goposix/pkg/expr/expr.go:435.2,435.97 1 1
github.com/ramayac/goposix/pkg/expr/expr.go:435.97,437.3 1 1
github.com/ramayac/goposix/pkg/expr/expr.go:438.2,438.17 1 1
github.com/ramayac/goposix/pkg/expr/expr.go:441.13,447.2 1 1
github.com/ramayac/goposix/pkg/cp/cp.go:57.119,63.20 4 1
github.com/ramayac/goposix/pkg/cp/cp.go:63.20,65.3 1 1
github.com/ramayac/goposix/pkg/cp/cp.go:65.8,67.3 1 1
github.com/ramayac/goposix/pkg/cp/cp.go:68.2,68.16 1 1
github.com/ramayac/goposix/pkg/cp/cp.go:68.16,70.3 1 0
github.com/ramayac/goposix/pkg/cp/cp.go:72.2,72.16 1 1
github.com/ramayac/goposix/pkg/cp/cp.go:72.16,73.17 1 1
github.com/ramayac/goposix/pkg/cp/cp.go:73.17,75.4 1 1
github.com/ramayac/goposix/pkg/cp/cp.go:76.3,76.51 1 1
github.com/ramayac/goposix/pkg/cp/cp.go:80.2,81.70 2 1
github.com/ramayac/goposix/pkg/cp/cp.go:81.70,83.17 2 1
github.com/ramayac/goposix/pkg/cp/cp.go:83.17,85.4 1 0
github.com/ramayac/goposix/pkg/cp/cp.go:87.3,88.47 2 1
github.com/ramayac/goposix/pkg/cp/cp.go:88.47,90.4 1 0
github.com/ramayac/goposix/pkg/cp/cp.go:91.3,92.13 2 1
github.com/ramayac/goposix/pkg/cp/cp.go:96.2,96.64 1 1
github.com/ramayac/goposix/pkg/cp/cp.go:96.64,98.3 1 1
github.com/ramayac/goposix/pkg/cp/cp.go:99.2,100.12 2 1
github.com/ramayac/goposix/pkg/cp/cp.go:103.76,105.16 2 1
github.com/ramayac/goposix/pkg/cp/cp.go:105.16,107.3 1 1
github.com/ramayac/goposix/pkg/cp/cp.go:108.2,111.16 3 1
github.com/ramayac/goposix/pkg/cp/cp.go:111.16,113.3 1 0
github.com/ramayac/goposix/pkg/cp/cp.go:114.2,116.47 2 1
github.com/ramayac/goposix/pkg/cp/cp.go:116.47,118.3 1 0
github.com/ramayac/goposix/pkg/cp/cp.go:120.2,120.14 1 1
github.com/ramayac/goposix/pkg/cp/cp.go:120.14,121.69 1 1
github.com/ramayac/goposix/pkg/cp/cp.go:121.69,123.4 1 0
github.com/ramayac/goposix/pkg/cp/cp.go:125.2,125.12 1 1
github.com/ramayac/goposix/pkg/cp/cp.go:128.88,130.16 2 1
github.com/ramayac/goposix/pkg/cp/cp.go:130.16,132.3 1 0
github.com/ramayac/goposix/pkg/cp/cp.go:133.2,133.52 1 1
github.com/ramayac/goposix/pkg/cp/cp.go:133.52,135.3 1 0
github.com/ramayac/goposix/pkg/cp/cp.go:137.2,138.16 2 1
github.com/ramayac/goposix/pkg/cp/cp.go:138.16,140.3 1 0
github.com/ramayac/goposix/pkg/cp/cp.go:142.2,142.32 1 1
github.com/ramayac/goposix/pkg/cp/cp.go:142.32,147.28 4 1
github.com/ramayac/goposix/pkg/cp/cp.go:147.28,149.4 1 1
github.com/ramayac/goposix/pkg/cp/cp.go:149.9,151.4 1 0
github.com/ramayac/goposix/pkg/cp/cp.go:152.3,152.17 1 1
github.com/ramayac/goposix/pkg/cp/cp.go:152.17,154.4 1 0
github.com/ramayac/goposix/pkg/cp/cp.go:156.3,156.24 1 1
github.com/ramayac/goposix/pkg/cp/cp.go:156.24,157.76 1 0
github.com/ramayac/goposix/pkg/cp/cp.go:157.76,159.5 1 0
github.com/ramayac/goposix/pkg/cp/cp.go:160.9,160.50 1 1
github.com/ramayac/goposix/pkg/cp/cp.go:160.50,162.18 2 0
github.com/ramayac/goposix/pkg/cp/cp.go:162.18,164.5 1 0
github.com/ramayac/goposix/pkg/cp/cp.go:165.4,166.52 2 0
github.com/ramayac/goposix/pkg/cp/cp.go:166.52,168.5 1 0
github.com/ramayac/goposix/pkg/cp/cp.go:169.4,169.81 1 0
github.com/ramayac/goposix/pkg/cp/cp.go:170.9,171.81 1 1
github.com/ramayac/goposix/pkg/cp/cp.go:171.81,173.5 1 0
github.com/ramayac/goposix/pkg/cp/cp.go:174.4,174.81 1 1
github.com/ramayac/goposix/pkg/cp/cp.go:177.2,177.12 1 1
github.com/ramayac/goposix/pkg/cp/cp.go:181.104,186.27 4 1
github.com/ramayac/goposix/pkg/cp/cp.go:186.27,188.15 2 1
github.com/ramayac/goposix/pkg/cp/cp.go:188.15,190.4 1 1
github.com/ramayac/goposix/pkg/cp/cp.go:191.3,191.111 1 1
github.com/ramayac/goposix/pkg/cp/cp.go:191.111,193.4 1 1
github.com/ramayac/goposix/pkg/cp/cp.go:195.2,195.20 1 1
github.com/ramayac/goposix/pkg/cp/cp.go:198.84,200.16 2 1
github.com/ramayac/goposix/pkg/cp/cp.go:200.16,203.3 2 0
github.com/ramayac/goposix/pkg/cp/cp.go:204.2,208.13 3 1
github.com/ramayac/goposix/pkg/cp/cp.go:208.13,213.3 3 1
github.com/ramayac/goposix/pkg/cp/cp.go:215.2,215.31 1 1
github.com/ramayac/goposix/pkg/cp/cp.go:215.31,218.3 2 0
github.com/ramayac/goposix/pkg/cp/cp.go:220.2,228.20 6 1
github.com/ramayac/goposix/pkg/cp/cp.go:228.20,230.3 1 0
github.com/ramayac/goposix/pkg/cp/cp.go:230.8,230.27 1 1
github.com/ramayac/goposix/pkg/cp/cp.go:230.27,232.3 1 0
github.com/ramayac/goposix/pkg/cp/cp.go:232.8,232.45 1 1
github.com/ramayac/goposix/pkg/cp/cp.go:232.45,234.3 1 1
github.com/ramayac/goposix/pkg/cp/cp.go:234.8,236.16 1 1
github.com/ramayac/goposix/pkg/cp/cp.go:236.16,238.4 1 0
github.com/ramayac/goposix/pkg/cp/cp.go:238.9,240.4 1 1
github.com/ramayac/goposix/pkg/cp/cp.go:243.2,249.27 4 1
github.com/ramayac/goposix/pkg/cp/cp.go:249.27,250.14 1 1
github.com/ramayac/goposix/pkg/cp/cp.go:250.14,253.21 2 1
github.com/ramayac/goposix/pkg/cp/cp.go:253.21,256.5 2 0
github.com/ramayac/goposix/pkg/cp/cp.go:257.4,257.24 1 1
github.com/ramayac/goposix/pkg/cp/cp.go:257.24,260.5 2 0
github.com/ramayac/goposix/pkg/cp/cp.go:262.4,265.30 3 1
github.com/ramayac/goposix/pkg/cp/cp.go:265.30,267.5 1 0
github.com/ramayac/goposix/pkg/cp/cp.go:268.4,271.52 3 1
github.com/ramayac/goposix/pkg/cp/cp.go:271.52,274.13 3 0
github.com/ramayac/goposix/pkg/cp/cp.go:276.4,277.101 2 1
github.com/ramayac/goposix/pkg/cp/cp.go:277.101,280.5 2 0
github.com/ramayac/goposix/pkg/cp/cp.go:281.4,282.12 2 1
github.com/ramayac/goposix/pkg/cp/cp.go:285.3,287.39 3 1
github.com/ramayac/goposix/pkg/cp/cp.go:287.39,289.4 1 1
github.com/ramayac/goposix/pkg/cp/cp.go:294.3,295.48 2 1
github.com/ramayac/goposix/pkg/cp/cp.go:295.48,297.44 2 1
github.com/ramayac/goposix/pkg/cp/cp.go:297.44,299.53 2 1
[...]
github.com/ramayac/goposix/internal/daemon/server.go:292.17,293.21 1 1
github.com/ramayac/goposix/internal/daemon/server.go:293.21,295.5 1 1
github.com/ramayac/goposix/internal/daemon/server.go:296.4,296.10 1 1
github.com/ramayac/goposix/internal/daemon/server.go:299.3,299.18 1 1
github.com/ramayac/goposix/internal/daemon/server.go:299.18,302.12 3 0
github.com/ramayac/goposix/internal/daemon/server.go:305.3,305.36 1 1
github.com/ramayac/goposix/internal/daemon/server.go:305.36,308.53 2 1
github.com/ramayac/goposix/internal/daemon/server.go:308.53,310.13 2 0
github.com/ramayac/goposix/internal/daemon/server.go:313.4,313.22 1 1
github.com/ramayac/goposix/internal/daemon/server.go:313.22,315.13 2 0
github.com/ramayac/goposix/internal/daemon/server.go:318.4,318.29 1 1
github.com/ramayac/goposix/internal/daemon/server.go:319.9,322.52 2 1
github.com/ramayac/goposix/internal/daemon/server.go:322.52,324.13 2 0
github.com/ramayac/goposix/internal/daemon/server.go:326.4,326.34 1 1
github.com/ramayac/goposix/internal/daemon/server.go:331.61,335.27 3 1
github.com/ramayac/goposix/internal/daemon/server.go:335.27,339.53 4 1
github.com/ramayac/goposix/internal/daemon/server.go:339.53,342.18 3 1
github.com/ramayac/goposix/internal/daemon/server.go:342.18,344.5 1 1
github.com/ramayac/goposix/internal/daemon/server.go:346.3,346.17 1 1
github.com/ramayac/goposix/internal/daemon/server.go:346.17,353.4 2 0
github.com/ramayac/goposix/internal/daemon/server.go:355.2,359.30 3 1
github.com/ramayac/goposix/internal/daemon/server.go:359.30,360.17 1 1
github.com/ramayac/goposix/internal/daemon/server.go:360.17,362.4 1 1
github.com/ramayac/goposix/internal/daemon/server.go:365.2,365.20 1 1
github.com/ramayac/goposix/internal/daemon/server.go:365.20,368.3 2 1
github.com/ramayac/goposix/internal/daemon/server.go:371.64,373.52 2 1
github.com/ramayac/goposix/internal/daemon/server.go:373.52,376.17 3 1
github.com/ramayac/goposix/internal/daemon/server.go:376.17,379.4 2 1
github.com/ramayac/goposix/internal/daemon/server.go:381.2,381.16 1 1
github.com/ramayac/goposix/internal/daemon/server.go:381.16,382.20 1 0
github.com/ramayac/goposix/internal/daemon/server.go:382.20,384.4 1 0
github.com/ramayac/goposix/internal/daemon/server.go:385.3,385.9 1 0
github.com/ramayac/goposix/internal/daemon/server.go:391.2,391.8 1 1
github.com/ramayac/goposix/internal/daemon/server.go:394.82,401.2 2 1
github.com/ramayac/goposix/internal/daemon/server.go:413.56,426.15 6 1
github.com/ramayac/goposix/internal/daemon/server.go:426.15,430.26 4 1
github.com/ramayac/goposix/internal/daemon/server.go:430.26,432.57 2 1
github.com/ramayac/goposix/internal/daemon/server.go:432.57,434.5 1 1
github.com/ramayac/goposix/internal/daemon/server.go:436.3,441.19 2 1
github.com/ramayac/goposix/internal/daemon/server.go:441.19,443.4 1 1
github.com/ramayac/goposix/internal/daemon/server.go:444.3,444.23 1 1
github.com/ramayac/goposix/internal/daemon/server.go:444.23,446.4 1 1
github.com/ramayac/goposix/internal/daemon/server.go:447.3,447.21 1 1
github.com/ramayac/goposix/internal/daemon/server.go:447.21,449.4 1 1
github.com/ramayac/goposix/internal/daemon/server.go:450.3,451.23 2 1
github.com/ramayac/goposix/internal/daemon/server.go:451.23,453.4 1 1
github.com/ramayac/goposix/internal/daemon/server.go:456.2,456.26 1 1
github.com/ramayac/goposix/internal/daemon/server.go:456.26,458.20 2 1
github.com/ramayac/goposix/internal/daemon/server.go:458.20,460.4 1 1
github.com/ramayac/goposix/internal/daemon/server.go:461.3,461.13 1 0
github.com/ramayac/goposix/internal/daemon/server.go:464.2,464.27 1 1
github.com/ramayac/goposix/internal/daemon/server.go:464.27,466.20 2 1
github.com/ramayac/goposix/internal/daemon/server.go:466.20,468.4 1 1
github.com/ramayac/goposix/internal/daemon/server.go:469.3,469.13 1 0
github.com/ramayac/goposix/internal/daemon/server.go:472.2,472.34 1 1
github.com/ramayac/goposix/internal/daemon/server.go:472.34,474.20 2 1
github.com/ramayac/goposix/internal/daemon/server.go:474.20,476.4 1 1
github.com/ramayac/goposix/internal/daemon/server.go:477.3,488.4 1 1
github.com/ramayac/goposix/internal/daemon/server.go:491.2,491.44 1 1
github.com/ramayac/goposix/internal/daemon/server.go:491.44,493.20 2 1
github.com/ramayac/goposix/internal/daemon/server.go:493.20,495.4 1 0
github.com/ramayac/goposix/internal/daemon/server.go:496.3,497.61 2 1
github.com/ramayac/goposix/internal/daemon/server.go:500.2,500.44 1 1
github.com/ramayac/goposix/internal/daemon/server.go:500.44,502.20 2 1
github.com/ramayac/goposix/internal/daemon/server.go:502.20,504.4 1 0
github.com/ramayac/goposix/internal/daemon/server.go:505.3,509.56 2 1
github.com/ramayac/goposix/internal/daemon/server.go:509.56,510.43 1 1
github.com/ramayac/goposix/internal/daemon/server.go:510.43,513.5 2 0
github.com/ramayac/goposix/internal/daemon/server.go:514.4,514.40 1 1
github.com/ramayac/goposix/internal/daemon/server.go:514.40,516.5 1 1
github.com/ramayac/goposix/internal/daemon/server.go:517.4,518.141 2 1
github.com/ramayac/goposix/internal/daemon/server.go:520.3,520.103 1 0
github.com/ramayac/goposix/internal/daemon/server.go:523.2,523.42 1 1
github.com/ramayac/goposix/internal/daemon/server.go:523.42,525.20 2 1
github.com/ramayac/goposix/internal/daemon/server.go:525.20,527.4 1 0
github.com/ramayac/goposix/internal/daemon/server.go:528.3,529.65 2 1
github.com/ramayac/goposix/internal/daemon/server.go:532.2,532.45 1 1
github.com/ramayac/goposix/internal/daemon/server.go:532.45,534.20 2 1
github.com/ramayac/goposix/internal/daemon/server.go:534.20,536.4 1 0
github.com/ramayac/goposix/internal/daemon/server.go:537.3,540.56 2 1
github.com/ramayac/goposix/internal/daemon/server.go:540.56,541.33 1 1
github.com/ramayac/goposix/internal/daemon/server.go:541.33,543.5 1 1
github.com/ramayac/goposix/internal/daemon/server.go:545.3,545.104 1 1
github.com/ramayac/goposix/internal/daemon/server.go:548.2,548.40 1 1
github.com/ramayac/goposix/internal/daemon/server.go:548.40,550.20 2 1
github.com/ramayac/goposix/internal/daemon/server.go:550.20,552.4 1 0
github.com/ramayac/goposix/internal/daemon/server.go:553.3,557.56 2 1
github.com/ramayac/goposix/internal/daemon/server.go:557.56,560.25 3 1
github.com/ramayac/goposix/internal/daemon/server.go:560.25,561.49 1 0
github.com/ramayac/goposix/internal/daemon/server.go:561.49,564.6 2 0
github.com/ramayac/goposix/internal/daemon/server.go:566.4,567.42 2 1
github.com/ramayac/goposix/internal/daemon/server.go:567.42,569.5 1 0
github.com/ramayac/goposix/internal/daemon/server.go:570.4,570.61 1 1
github.com/ramayac/goposix/internal/daemon/server.go:572.3,572.103 1 0
github.com/ramayac/goposix/internal/daemon/server.go:575.2,575.48 1 1
github.com/ramayac/goposix/internal/daemon/server.go:575.48,576.20 1 1
github.com/ramayac/goposix/internal/daemon/server.go:576.20,578.4 1 1
github.com/ramayac/goposix/internal/daemon/server.go:579.3,579.13 1 0
github.com/ramayac/goposix/internal/daemon/server.go:582.2,585.9 4 1
github.com/ramayac/goposix/internal/daemon/server.go:585.9,586.20 1 1
github.com/ramayac/goposix/internal/daemon/server.go:586.20,588.4 1 1
github.com/ramayac/goposix/internal/daemon/server.go:589.3,589.13 1 0
github.com/ramayac/goposix/internal/daemon/server.go:593.2,598.25 5 1
github.com/ramayac/goposix/internal/daemon/server.go:598.25,601.56 2 1
github.com/ramayac/goposix/internal/daemon/server.go:601.56,603.21 2 1
github.com/ramayac/goposix/internal/daemon/server.go:603.21,605.5 1 1
github.com/ramayac/goposix/internal/daemon/server.go:606.4,606.25 1 1
github.com/ramayac/goposix/internal/daemon/server.go:606.25,608.5 1 1
github.com/ramayac/goposix/internal/daemon/server.go:610.4,610.20 1 1
github.com/ramayac/goposix/internal/daemon/server.go:610.20,612.44 2 1
github.com/ramayac/goposix/internal/daemon/server.go:612.44,614.6 1 1
github.com/ramayac/goposix/internal/daemon/server.go:615.5,616.19 2 1
github.com/ramayac/goposix/internal/daemon/server.go:616.19,618.23 2 1
github.com/ramayac/goposix/internal/daemon/server.go:618.23,620.7 1 1
github.com/ramayac/goposix/internal/daemon/server.go:621.6,621.16 1 0
github.com/ramayac/goposix/internal/daemon/server.go:623.5,623.24 1 0
github.com/ramayac/goposix/internal/daemon/server.go:626.4,627.41 2 1
github.com/ramayac/goposix/internal/daemon/server.go:627.41,629.5 1 1
github.com/ramayac/goposix/internal/daemon/server.go:630.4,630.20 1 1
github.com/ramayac/goposix/internal/daemon/server.go:630.20,632.5 1 0
github.com/ramayac/goposix/internal/daemon/server.go:640.2,640.16 1 1
github.com/ramayac/goposix/internal/daemon/server.go:640.16,642.3 1 1
github.com/ramayac/goposix/internal/daemon/server.go:644.2,650.21 4 1
github.com/ramayac/goposix/internal/daemon/server.go:650.21,652.3 1 1
github.com/ramayac/goposix/internal/daemon/server.go:653.2,654.41 2 1
github.com/ramayac/goposix/internal/daemon/server.go:654.41,656.3 1 0
github.com/ramayac/goposix/internal/daemon/server.go:657.2,661.15 3 1
github.com/ramayac/goposix/internal/daemon/server.go:661.15,662.20 1 1
github.com/ramayac/goposix/internal/daemon/server.go:662.20,664.4 1 0
github.com/ramayac/goposix/internal/daemon/server.go:665.3,672.4 1 1
github.com/ramayac/goposix/internal/daemon/server.go:678.2,681.58 2 1
github.com/ramayac/goposix/internal/daemon/server.go:681.58,683.20 1 1
github.com/ramayac/goposix/internal/daemon/server.go:683.20,685.21 2 1
github.com/ramayac/goposix/internal/daemon/server.go:685.21,687.5 1 1
github.com/ramayac/goposix/internal/daemon/server.go:688.4,695.5 1 1
github.com/ramayac/goposix/internal/daemon/server.go:697.3,697.13 1 0
github.com/ramayac/goposix/internal/daemon/server.go:700.2,700.19 1 1
github.com/ramayac/goposix/internal/daemon/server.go:700.19,702.3 1 1
github.com/ramayac/goposix/internal/daemon/server.go:705.2,705.22 1 1
github.com/ramayac/goposix/internal/daemon/server.go:705.22,719.3 2 0
github.com/ramayac/goposix/internal/daemon/server.go:721.2,728.3 1 1
github.com/ramayac/goposix/internal/daemon/server.go:733.37,736.21 3 1
github.com/ramayac/goposix/internal/daemon/server.go:736.21,737.45 1 0
github.com/ramayac/goposix/internal/daemon/server.go:737.45,739.4 1 0
github.com/ramayac/goposix/internal/daemon/server.go:740.3,745.22 5 0
github.com/ramayac/goposix/internal/daemon/server.go:750.71,756.39 4 0
github.com/ramayac/goposix/internal/daemon/server.go:756.39,757.13 1 0
github.com/ramayac/goposix/internal/daemon/server.go:757.13,759.69 2 0
github.com/ramayac/goposix/internal/daemon/server.go:759.69,761.5 1 0
github.com/ramayac/goposix/internal/daemon/server.go:765.2,766.39 2 0
github.com/ramayac/goposix/internal/daemon/server.go:766.39,769.3 2 0
github.com/ramayac/goposix/internal/daemon/server.go:772.2,773.43 2 0
github.com/ramayac/goposix/internal/daemon/server.go:773.43,775.3 1 0
github.com/ramayac/goposix/internal/daemon/server.go:776.2,785.12 7 0
github.com/ramayac/goposix/internal/daemon/session.go:22.35,29.18 2 1
github.com/ramayac/goposix/internal/daemon/session.go:29.18,31.27 2 1
github.com/ramayac/goposix/internal/daemon/session.go:31.27,33.4 1 1
github.com/ramayac/goposix/internal/daemon/session.go:35.2,35.10 1 1
github.com/ramayac/goposix/internal/daemon/session.go:46.59,54.2 3 1
github.com/ramayac/goposix/internal/daemon/session.go:56.45,74.2 9 1
github.com/ramayac/goposix/internal/daemon/session.go:76.59,81.9 4 1
github.com/ramayac/goposix/internal/daemon/session.go:81.9,83.3 1 1
github.com/ramayac/goposix/internal/daemon/session.go:84.2,85.23 2 1
github.com/ramayac/goposix/internal/daemon/session.go:88.63,93.9 4 1
github.com/ramayac/goposix/internal/daemon/session.go:93.9,95.3 1 1
github.com/ramayac/goposix/internal/daemon/session.go:97.2,98.21 2 1
github.com/ramayac/goposix/internal/daemon/session.go:98.21,100.3 1 1
github.com/ramayac/goposix/internal/daemon/session.go:102.2,103.16 2 1
github.com/ramayac/goposix/internal/daemon/session.go:103.16,105.3 1 1
github.com/ramayac/goposix/internal/daemon/session.go:107.2,108.31 2 1
github.com/ramayac/goposix/internal/daemon/session.go:108.31,110.3 1 1
github.com/ramayac/goposix/internal/daemon/session.go:112.2,115.43 3 1
github.com/ramayac/goposix/internal/daemon/session.go:115.43,117.3 1 1
github.com/ramayac/goposix/internal/daemon/session.go:118.2,118.13 1 1
github.com/ramayac/goposix/internal/daemon/session.go:121.51,126.8 4 1
github.com/ramayac/goposix/internal/daemon/session.go:126.8,128.3 1 1
github.com/ramayac/goposix/internal/daemon/session.go:129.2,129.11 1 1
github.com/ramayac/goposix/internal/daemon/session.go:133.48,137.2 3 1
github.com/ramayac/goposix/internal/daemon/session.go:139.45,144.32 4 1
github.com/ramayac/goposix/internal/daemon/session.go:144.32,146.3 1 1
github.com/ramayac/goposix/internal/daemon/session.go:147.2,147.13 1 1
github.com/ramayac/goposix/internal/daemon/session.go:150.41,153.6 3 1
github.com/ramayac/goposix/internal/daemon/session.go:153.6,154.10 1 1
github.com/ramayac/goposix/internal/daemon/session.go:155.19,158.35 3 0
github.com/ramayac/goposix/internal/daemon/session.go:158.35,159.39 1 0
github.com/ramayac/goposix/internal/daemon/session.go:159.39,161.6 1 0
github.com/ramayac/goposix/internal/daemon/session.go:163.4,163.18 1 0
github.com/ramayac/goposix/internal/daemon/session.go:164.18,165.10 1 1
github.com/ramayac/goposix/internal/daemon/session.go:170.34,171.9 1 1
github.com/ramayac/goposix/internal/daemon/session.go:172.17,172.17 0 0
github.com/ramayac/goposix/internal/daemon/session.go:174.10,175.17 1 1
github.com/ramayac/goposix/internal/daemon/threadname_linux.go:15.34,22.2 4 1
github.com/ramayac/goposix/pkg/pidof/pidof.go:30.84,32.16 2 1
github.com/ramayac/goposix/pkg/pidof/pidof.go:32.16,35.3 2 1
github.com/ramayac/goposix/pkg/pidof/pidof.go:37.2,37.32 1 1
github.com/ramayac/goposix/pkg/pidof/pidof.go:37.32,40.3 2 1
github.com/ramayac/goposix/pkg/pidof/pidof.go:42.2,47.38 4 1
github.com/ramayac/goposix/pkg/pidof/pidof.go:47.38,48.19 1 1
github.com/ramayac/goposix/pkg/pidof/pidof.go:48.19,50.4 1 1
github.com/ramayac/goposix/pkg/pidof/pidof.go:50.9,51.50 1 1
github.com/ramayac/goposix/pkg/pidof/pidof.go:51.50,53.5 1 1
github.com/ramayac/goposix/pkg/pidof/pidof.go:57.2,61.16 3 1
github.com/ramayac/goposix/pkg/pidof/pidof.go:61.16,64.3 2 0
github.com/ramayac/goposix/pkg/pidof/pidof.go:66.2,68.31 2 1
github.com/ramayac/goposix/pkg/pidof/pidof.go:68.31,69.19 1 1
github.com/ramayac/goposix/pkg/pidof/pidof.go:69.19,70.12 1 1
github.com/ramayac/goposix/pkg/pidof/pidof.go:72.3,73.17 2 1
github.com/ramayac/goposix/pkg/pidof/pidof.go:73.17,75.12 1 1
github.com/ramayac/goposix/pkg/pidof/pidof.go:78.3,78.23 1 1
github.com/ramayac/goposix/pkg/pidof/pidof.go:78.23,79.12 1 1
github.com/ramayac/goposix/pkg/pidof/pidof.go:83.3,85.17 3 1
github.com/ramayac/goposix/pkg/pidof/pidof.go:85.17,87.4 1 1
github.com/ramayac/goposix/pkg/pidof/pidof.go:90.3,91.86 2 1
github.com/ramayac/goposix/pkg/pidof/pidof.go:91.86,93.4 1 1
github.com/ramayac/goposix/pkg/pidof/pidof.go:96.3,97.98 2 1
github.com/ramayac/goposix/pkg/pidof/pidof.go:97.98,99.28 2 1
github.com/ramayac/goposix/pkg/pidof/pidof.go:99.28,100.16 1 1
github.com/ramayac/goposix/pkg/pidof/pidof.go:100.16,102.6 1 1
github.com/ramayac/goposix/pkg/pidof/pidof.go:107.3,108.38 2 1
github.com/ramayac/goposix/pkg/pidof/pidof.go:108.38,109.45 1 1
github.com/ramayac/goposix/pkg/pidof/pidof.go:109.45,111.10 2 1
github.com/ramayac/goposix/pkg/pidof/pidof.go:113.4,113.36 1 1
github.com/ramayac/goposix/pkg/pidof/pidof.go:113.36,114.22 1 1
github.com/ramayac/goposix/pkg/pidof/pidof.go:114.22,116.11 2 0
github.com/ramayac/goposix/pkg/pidof/pidof.go:119.4,119.15 1 1
github.com/ramayac/goposix/pkg/pidof/pidof.go:119.15,120.10 1 0
github.com/ramayac/goposix/pkg/pidof/pidof.go:124.3,124.14 1 1
github.com/ramayac/goposix/pkg/pidof/pidof.go:124.14,126.4 1 1
github.com/ramayac/goposix/pkg/pidof/pidof.go:129.2,129.27 1 1
github.com/ramayac/goposix/pkg/pidof/pidof.go:129.27,131.3 1 1
github.com/ramayac/goposix/pkg/pidof/pidof.go:134.2,134.46 1 1
github.com/ramayac/goposix/pkg/pidof/pidof.go:134.46,136.3 1 1
github.com/ramayac/goposix/pkg/pidof/pidof.go:138.2,138.12 1 1
github.com/ramayac/goposix/pkg/pidof/pidof.go:138.12,140.3 1 1
github.com/ramayac/goposix/pkg/pidof/pidof.go:142.2,142.82 1 1
github.com/ramayac/goposix/pkg/pidof/pidof.go:142.82,144.33 2 1
github.com/ramayac/goposix/pkg/pidof/pidof.go:144.33,146.4 1 1
github.com/ramayac/goposix/pkg/pidof/pidof.go:147.3,147.51 1 1
github.com/ramayac/goposix/pkg/pidof/pidof.go:150.2,150.10 1 1
github.com/ramayac/goposix/pkg/pidof/pidof.go:153.13,159.2 1 1
github.com/ramayac/goposix/test/benchmark/bench_client/main.go:28.13,35.21 6 0
github.com/ramayac/goposix/test/benchmark/bench_client/main.go:35.21,38.3 2 0
github.com/ramayac/goposix/test/benchmark/bench_client/main.go:40.2,42.15 3 0
github.com/ramayac/goposix/test/benchmark/bench_client/main.go:42.15,44.3 1 0
github.com/ramayac/goposix/test/benchmark/bench_client/main.go:46.2,50.16 2 0
github.com/ramayac/goposix/test/benchmark/bench_client/main.go:50.16,53.3 2 0
github.com/ramayac/goposix/test/benchmark/bench_client/main.go:54.2,59.13 4 0
github.com/ramayac/goposix/test/benchmark/bench_client/main.go:60.14,61.30 1 0
github.com/ramayac/goposix/test/benchmark/bench_client/main.go:61.30,63.18 2 0
github.com/ramayac/goposix/test/benchmark/bench_client/main.go:63.18,66.5 2 0
github.com/ramayac/goposix/test/benchmark/bench_client/main.go:68.13,69.30 1 0
github.com/ramayac/goposix/test/benchmark/bench_client/main.go:69.30,71.18 2 0
github.com/ramayac/goposix/test/benchmark/bench_client/main.go:71.18,74.5 2 0
github.com/ramayac/goposix/test/benchmark/bench_client/main.go:76.12,77.30 1 0
github.com/ramayac/goposix/test/benchmark/bench_client/main.go:77.30,79.18 2 0
github.com/ramayac/goposix/test/benchmark/bench_client/main.go:79.18,82.5 2 0
github.com/ramayac/goposix/test/benchmark/bench_client/main.go:84.14,85.30 1 0
github.com/ramayac/goposix/test/benchmark/bench_client/main.go:85.30,87.18 2 0
github.com/ramayac/goposix/test/benchmark/bench_client/main.go:87.18,90.5 2 0
github.com/ramayac/goposix/test/benchmark/bench_client/main.go:92.12,93.30 1 0
github.com/ramayac/goposix/test/benchmark/bench_client/main.go:93.30,95.18 2 0
github.com/ramayac/goposix/test/benchmark/bench_client/main.go:95.18,98.5 2 0
github.com/ramayac/goposix/test/benchmark/bench_client/main.go:100.14,101.30 1 0
github.com/ramayac/goposix/test/benchmark/bench_client/main.go:101.30,103.18 2 0
github.com/ramayac/goposix/test/benchmark/bench_client/main.go:103.18,106.5 2 0
github.com/ramayac/goposix/test/benchmark/bench_client/main.go:108.14,109.30 1 0
github.com/ramayac/goposix/test/benchmark/bench_client/main.go:109.30,111.18 2 0
github.com/ramayac/goposix/test/benchmark/bench_client/main.go:111.18,114.5 2 0
github.com/ramayac/goposix/test/benchmark/bench_client/main.go:116.16,117.30 1 0
github.com/ramayac/goposix/test/benchmark/bench_client/main.go:117.30,119.18 2 0
github.com/ramayac/goposix/test/benchmark/bench_client/main.go:119.18,122.5 2 0
github.com/ramayac/goposix/test/benchmark/bench_client/main.go:127.18,129.30 2 0
github.com/ramayac/goposix/test/benchmark/bench_client/main.go:129.30,130.68 1 0
github.com/ramayac/goposix/test/benchmark/bench_client/main.go:130.68,133.5 2 0
github.com/ramayac/goposix/test/benchmark/bench_client/main.go:134.4,134.48 1 0
github.com/ramayac/goposix/test/benchmark/bench_client/main.go:134.48,137.5 2 0
github.com/ramayac/goposix/test/benchmark/bench_client/main.go:138.4,138.67 1 0
github.com/ramayac/goposix/test/benchmark/bench_client/main.go:138.67,141.5 2 0
github.com/ramayac/goposix/test/benchmark/bench_client/main.go:142.4,142.47 1 0
github.com/ramayac/goposix/test/benchmark/bench_client/main.go:142.47,145.5 2 0
github.com/ramayac/goposix/test/benchmark/bench_client/main.go:146.4,146.80 1 0
github.com/ramayac/goposix/test/benchmark/bench_client/main.go:146.80,149.5 2 0
github.com/ramayac/goposix/test/benchmark/bench_client/main.go:152.10,156.13 4 0
github.com/ramayac/goposix/test/benchmark/bench_client/main.go:159.2,163.72 2 0
