mode: set
github.com/ramayac/goposix/pkg/sha1sum/sha1sum.go:38.44,40.41 2 1
github.com/ramayac/goposix/pkg/sha1sum/sha1sum.go:40.41,42.3 1 0
github.com/ramayac/goposix/pkg/sha1sum/sha1sum.go:43.2,43.44 1 1
github.com/ramayac/goposix/pkg/sha1sum/sha1sum.go:46.84,48.16 2 1
github.com/ramayac/goposix/pkg/sha1sum/sha1sum.go:48.16,51.3 2 1
github.com/ramayac/goposix/pkg/sha1sum/sha1sum.go:53.2,56.15 3 1
github.com/ramayac/goposix/pkg/sha1sum/sha1sum.go:56.15,58.3 1 1
github.com/ramayac/goposix/pkg/sha1sum/sha1sum.go:60.2,60.65 1 1
github.com/ramayac/goposix/pkg/sha1sum/sha1sum.go:63.83,67.34 3 1
github.com/ramayac/goposix/pkg/sha1sum/sha1sum.go:67.34,68.22 1 1
github.com/ramayac/goposix/pkg/sha1sum/sha1sum.go:68.22,70.4 1 0
github.com/ramayac/goposix/pkg/sha1sum/sha1sum.go:73.2,73.29 1 1
github.com/ramayac/goposix/pkg/sha1sum/sha1sum.go:73.29,76.18 3 1
github.com/ramayac/goposix/pkg/sha1sum/sha1sum.go:76.18,79.4 2 1
github.com/ramayac/goposix/pkg/sha1sum/sha1sum.go:79.9,81.18 2 1
github.com/ramayac/goposix/pkg/sha1sum/sha1sum.go:81.18,84.13 3 1
github.com/ramayac/goposix/pkg/sha1sum/sha1sum.go:86.4,88.15 3 1
github.com/ramayac/goposix/pkg/sha1sum/sha1sum.go:91.3,92.17 2 1
github.com/ramayac/goposix/pkg/sha1sum/sha1sum.go:92.17,95.12 3 0
github.com/ramayac/goposix/pkg/sha1sum/sha1sum.go:97.3,97.83 1 1
github.com/ramayac/goposix/pkg/sha1sum/sha1sum.go:100.2,100.61 1 1
github.com/ramayac/goposix/pkg/sha1sum/sha1sum.go:100.61,101.29 1 1
github.com/ramayac/goposix/pkg/sha1sum/sha1sum.go:101.29,103.4 1 1
github.com/ramayac/goposix/pkg/sha1sum/sha1sum.go:106.2,106.17 1 1
github.com/ramayac/goposix/pkg/sha1sum/sha1sum.go:109.68,110.21 1 1
github.com/ramayac/goposix/pkg/sha1sum/sha1sum.go:110.21,112.16 2 1
github.com/ramayac/goposix/pkg/sha1sum/sha1sum.go:112.16,114.4 1 1
github.com/ramayac/goposix/pkg/sha1sum/sha1sum.go:115.3,115.11 1 1
github.com/ramayac/goposix/pkg/sha1sum/sha1sum.go:118.2,121.37 3 1
github.com/ramayac/goposix/pkg/sha1sum/sha1sum.go:121.37,123.17 2 1
github.com/ramayac/goposix/pkg/sha1sum/sha1sum.go:123.17,126.12 3 1
github.com/ramayac/goposix/pkg/sha1sum/sha1sum.go:128.3,132.22 4 1
github.com/ramayac/goposix/pkg/sha1sum/sha1sum.go:132.22,134.50 2 1
github.com/ramayac/goposix/pkg/sha1sum/sha1sum.go:134.50,135.13 1 0
github.com/ramayac/goposix/pkg/sha1sum/sha1sum.go:137.4,140.23 3 1
github.com/ramayac/goposix/pkg/sha1sum/sha1sum.go:140.23,142.24 2 1
github.com/ramayac/goposix/pkg/sha1sum/sha1sum.go:142.24,145.14 3 1
github.com/ramayac/goposix/pkg/sha1sum/sha1sum.go:147.5,147.47 1 0
github.com/ramayac/goposix/pkg/sha1sum/sha1sum.go:150.4,154.18 4 1
github.com/ramayac/goposix/pkg/sha1sum/sha1sum.go:154.18,158.13 4 1
github.com/ramayac/goposix/pkg/sha1sum/sha1sum.go:161.4,163.18 3 1
github.com/ramayac/goposix/pkg/sha1sum/sha1sum.go:163.18,167.13 4 0
github.com/ramayac/goposix/pkg/sha1sum/sha1sum.go:170.4,170.34 1 1
github.com/ramayac/goposix/pkg/sha1sum/sha1sum.go:170.34,172.5 1 1
github.com/ramayac/goposix/pkg/sha1sum/sha1sum.go:172.10,175.5 2 1
github.com/ramayac/goposix/pkg/sha1sum/sha1sum.go:177.3,177.16 1 1
github.com/ramayac/goposix/pkg/sha1sum/sha1sum.go:177.16,180.4 2 1
github.com/ramayac/goposix/pkg/sha1sum/sha1sum.go:183.2,183.61 1 1
github.com/ramayac/goposix/pkg/sha1sum/sha1sum.go:183.61,184.29 1 1
github.com/ramayac/goposix/pkg/sha1sum/sha1sum.go:184.29,186.4 1 1
github.com/ramayac/goposix/pkg/sha1sum/sha1sum.go:189.2,189.17 1 1
github.com/ramayac/goposix/pkg/sha1sum/sha1sum.go:192.13,198.2 1 1
