mode: set
github.com/ramayac/goposix/pkg/uptime/uptime.go:35.42,37.3 1 0
github.com/ramayac/goposix/pkg/uptime/uptime.go:38.43,40.3 1 0
github.com/ramayac/goposix/pkg/uptime/uptime.go:44.84,46.16 2 1
github.com/ramayac/goposix/pkg/uptime/uptime.go:46.16,49.3 2 0
github.com/ramayac/goposix/pkg/uptime/uptime.go:51.2,56.16 4 1
github.com/ramayac/goposix/pkg/uptime/uptime.go:56.16,58.22 2 1
github.com/ramayac/goposix/pkg/uptime/uptime.go:58.22,59.66 1 1
github.com/ramayac/goposix/pkg/uptime/uptime.go:59.66,61.5 1 1
github.com/ramayac/goposix/pkg/uptime/uptime.go:66.2,68.16 3 1
github.com/ramayac/goposix/pkg/uptime/uptime.go:68.16,70.23 2 1
github.com/ramayac/goposix/pkg/uptime/uptime.go:70.23,74.44 4 1
github.com/ramayac/goposix/pkg/uptime/uptime.go:74.44,76.5 1 1
github.com/ramayac/goposix/pkg/uptime/uptime.go:81.2,82.25 2 1
github.com/ramayac/goposix/pkg/uptime/uptime.go:82.25,84.3 1 1
github.com/ramayac/goposix/pkg/uptime/uptime.go:84.8,85.43 1 0
github.com/ramayac/goposix/pkg/uptime/uptime.go:85.43,87.4 1 0
github.com/ramayac/goposix/pkg/uptime/uptime.go:91.2,103.59 4 1
github.com/ramayac/goposix/pkg/uptime/uptime.go:103.59,113.15 6 1
github.com/ramayac/goposix/pkg/uptime/uptime.go:113.15,114.17 1 1
github.com/ramayac/goposix/pkg/uptime/uptime.go:114.17,116.5 1 1
github.com/ramayac/goposix/pkg/uptime/uptime.go:116.10,118.5 1 1
github.com/ramayac/goposix/pkg/uptime/uptime.go:119.4,119.53 1 1
github.com/ramayac/goposix/pkg/uptime/uptime.go:120.9,121.17 1 1
github.com/ramayac/goposix/pkg/uptime/uptime.go:121.17,123.5 1 1
github.com/ramayac/goposix/pkg/uptime/uptime.go:123.10,125.5 1 1
github.com/ramayac/goposix/pkg/uptime/uptime.go:128.3,128.20 1 1
github.com/ramayac/goposix/pkg/uptime/uptime.go:128.20,130.4 1 1
github.com/ramayac/goposix/pkg/uptime/uptime.go:130.9,132.4 1 1
github.com/ramayac/goposix/pkg/uptime/uptime.go:134.3,134.84 1 1
github.com/ramayac/goposix/pkg/uptime/uptime.go:137.2,137.10 1 1
github.com/ramayac/goposix/pkg/uptime/uptime.go:140.13,146.2 1 1
