mode: set
github.com/ramayac/goposix/pkg/wget/wget.go:34.84,36.16 2 1
github.com/ramayac/goposix/pkg/wget/wget.go:36.16,39.3 2 0
github.com/ramayac/goposix/pkg/wget/wget.go:41.2,45.23 4 1
github.com/ramayac/goposix/pkg/wget/wget.go:45.23,48.3 2 0
github.com/ramayac/goposix/pkg/wget/wget.go:50.2,52.16 3 1
github.com/ramayac/goposix/pkg/wget/wget.go:52.16,55.3 2 0
github.com/ramayac/goposix/pkg/wget/wget.go:58.2,58.20 1 1
github.com/ramayac/goposix/pkg/wget/wget.go:58.20,61.3 2 0
github.com/ramayac/goposix/pkg/wget/wget.go:63.2,63.47 1 1
github.com/ramayac/goposix/pkg/wget/wget.go:63.47,66.3 2 1
github.com/ramayac/goposix/pkg/wget/wget.go:69.2,70.53 2 1
github.com/ramayac/goposix/pkg/wget/wget.go:70.53,72.3 1 1
github.com/ramayac/goposix/pkg/wget/wget.go:74.2,78.20 3 1
github.com/ramayac/goposix/pkg/wget/wget.go:78.20,80.18 2 1
github.com/ramayac/goposix/pkg/wget/wget.go:80.18,83.4 2 1
github.com/ramayac/goposix/pkg/wget/wget.go:83.9,85.45 2 1
github.com/ramayac/goposix/pkg/wget/wget.go:85.45,87.5 1 1
github.com/ramayac/goposix/pkg/wget/wget.go:89.8,92.21 2 1
github.com/ramayac/goposix/pkg/wget/wget.go:92.21,94.4 1 1
github.com/ramayac/goposix/pkg/wget/wget.go:95.3,95.46 1 1
github.com/ramayac/goposix/pkg/wget/wget.go:95.46,97.4 1 1
github.com/ramayac/goposix/pkg/wget/wget.go:100.3,100.54 1 1
github.com/ramayac/goposix/pkg/wget/wget.go:100.54,103.4 2 0
github.com/ramayac/goposix/pkg/wget/wget.go:105.3,105.54 1 1
github.com/ramayac/goposix/pkg/wget/wget.go:108.2,108.16 1 1
github.com/ramayac/goposix/pkg/wget/wget.go:108.16,110.3 1 1
github.com/ramayac/goposix/pkg/wget/wget.go:113.2,114.16 2 1
github.com/ramayac/goposix/pkg/wget/wget.go:114.16,117.3 2 0
github.com/ramayac/goposix/pkg/wget/wget.go:118.2,122.16 4 1
github.com/ramayac/goposix/pkg/wget/wget.go:122.16,125.3 2 1
github.com/ramayac/goposix/pkg/wget/wget.go:126.2,128.53 2 1
github.com/ramayac/goposix/pkg/wget/wget.go:128.53,131.3 2 1
github.com/ramayac/goposix/pkg/wget/wget.go:134.2,136.19 3 1
github.com/ramayac/goposix/pkg/wget/wget.go:136.19,138.3 1 1
github.com/ramayac/goposix/pkg/wget/wget.go:138.8,140.17 2 1
github.com/ramayac/goposix/pkg/wget/wget.go:140.17,143.4 2 0
github.com/ramayac/goposix/pkg/wget/wget.go:144.3,145.13 2 1
github.com/ramayac/goposix/pkg/wget/wget.go:148.2,149.16 2 1
github.com/ramayac/goposix/pkg/wget/wget.go:149.16,152.3 2 0
github.com/ramayac/goposix/pkg/wget/wget.go:154.2,154.16 1 1
github.com/ramayac/goposix/pkg/wget/wget.go:154.16,155.20 1 1
github.com/ramayac/goposix/pkg/wget/wget.go:155.20,157.4 1 1
github.com/ramayac/goposix/pkg/wget/wget.go:157.9,159.4 1 1
github.com/ramayac/goposix/pkg/wget/wget.go:163.2,164.33 2 1
github.com/ramayac/goposix/pkg/wget/wget.go:164.33,166.57 1 1
github.com/ramayac/goposix/pkg/wget/wget.go:166.57,168.4 1 1
github.com/ramayac/goposix/pkg/wget/wget.go:171.2,178.14 2 1
github.com/ramayac/goposix/pkg/wget/wget.go:178.14,179.54 1 1
github.com/ramayac/goposix/pkg/wget/wget.go:179.55,179.56 0 0
github.com/ramayac/goposix/pkg/wget/wget.go:182.2,182.10 1 1
github.com/ramayac/goposix/pkg/wget/wget.go:185.13,191.2 1 1
